2025-01-01 23:30:36,808 - INFO - Starting model testing...
2025-01-01 23:30:36,808 - INFO - Loading test dataset...
2025-01-01 23:30:37,047 - INFO - Train dataset size: 16121
2025-01-01 23:30:37,047 - INFO - Validation dataset size: 5374
2025-01-01 23:30:37,047 - INFO - Test dataset size: 5374
2025-01-01 23:30:37,049 - INFO - Loading trained model...
2025-01-01 23:30:37,058 - ERROR - Error during testing: <class 'keras.src.models.functional.Functional'> could not be deserialized properly. Please ensure that components that are Python object instances (layers, models, etc.) returned by `get_config()` are explicitly deserialized in the model's `from_config()` method.

config={'module': 'keras.src.models.functional', 'class_name': 'Functional', 'config': {'name': 'functional_45', 'trainable': True, 'layers': [{'module': 'keras.layers', 'class_name': 'InputLayer', 'config': {'batch_shape': [None, 224, 224, 3], 'dtype': 'float32', 'sparse': False, 'name': 'input_layer'}, 'registered_name': None, 'name': 'input_layer', 'inbound_nodes': []}, {'module': 'keras.layers', 'class_name': 'Conv2D', 'config': {'name': 'conv2d', 'trainable': True, 'dtype': {'module': 'keras', 'class_name': 'DTypePolicy', 'config': {'name': 'float32'}, 'registered_name': None}, 'filters': 16, 'kernel_size': [3, 3], 'strides': [2, 2], 'padding': 'same', 'data_format': 'channels_last', 'dilation_rate': [1, 1], 'groups': 1, 'activation': 'linear', 'use_bias': False, 'kernel_initializer': {'module': 'keras.initializers', 'class_name': 'RandomNormal', 'config': {'mean': 0.0, 'stddev': 0.01, 'seed': None}, 'registered_name': None}, 'bias_initializer': {'module': 'keras.initializers', 'class_name': 'Zeros', 'config': {}, 'registered_name': None}, 'kernel_regularizer': None, 'bias_regularizer': None, 'activity_regularizer': None, 'kernel_constraint': None, 'bias_constraint': None}, 'registered_name': None, 'build_config': {'input_shape': [None, 224, 224, 3]}, 'name': 'conv2d', 'inbound_nodes': [{'args': [{'class_name': '__keras_tensor__', 'config': {'shape': [None, 224, 224, 3], 'dtype': 'float32', 'keras_history': ['input_layer', 0, 0]}}], 'kwargs': {}}]}, {'module': 'keras.layers', 'class_name': 'BatchNormalization', 'config': {'name': 'batch_normalization', 'trainable': True, 'dtype': {'module': 'keras', 'class_name': 'DTypePolicy', 'config': {'name': 'float32'}, 'registered_name': None, 'shared_object_id': 5834852544}, 'axis': -1, 'momentum': 0.99, 'epsilon': 0.001, 'center': True, 'scale': True, 'beta_initializer': 'zeros', 'gamma_initializer': 'ones', 'moving_mean_initializer': {'module': 'keras.initializers', 'class_name': 'Zeros', 'config': {}, 'registered_name': None}, 'moving_variance_initializer': {'module': 'keras.initializers', 'class_name': 'Ones', 'config': {}, 'registered_name': None}, 'beta_regularizer': None, 'gamma_regularizer': None, 'beta_constraint': None, 'gamma_constraint': None, 'synchronized': False}, 'registered_name': None, 'build_config': {'input_shape': [None, 112, 112, 16]}, 'name': 'batch_normalization', 'inbound_nodes': [{'args': [{'class_name': '__keras_tensor__', 'config': {'shape': [None, 112, 112, 16], 'dtype': 'float32', 'keras_history': ['conv2d', 0, 0]}}], 'kwargs': {'mask': None}}]}, {'module': 'model', 'class_name': 'HSwish', 'config': {'name': 'h_swish', 'trainable': True, 'dtype': {'module': 'keras', 'class_name': 'DTypePolicy', 'config': {'name': 'float32'}, 'registered_name': None, 'shared_object_id': 5834852544}}, 'registered_name': 'HSwish', 'build_config': {'input_shape': [None, 112, 112, 16]}, 'name': 'h_swish', 'inbound_nodes': [{'args': [{'class_name': '__keras_tensor__', 'config': {'shape': [None, 112, 112, 16], 'dtype': 'float32', 'keras_history': ['batch_normalization', 0, 0]}}], 'kwargs': {}}]}, {'module': 'model', 'class_name': 'Block', 'config': {'in_channels': 16, 'out_channels': 16, 'kernel_size': 3, 'stride': 2, 'expansion_factor': 1, 'se_ratio': 0, 'activation': 'relu', 'trainable': True, 'dtype': {'module': 'keras', 'class_name': 'DTypePolicy', 'config': {'name': 'float32'}, 'registered_name': None, 'shared_object_id': 5834852544}}, 'registered_name': 'Block', 'build_config': {'input_shape': [None, 112, 112, 16]}, 'name': 'block', 'inbound_nodes': [{'args': [{'class_name': '__keras_tensor__', 'config': {'shape': [None, 112, 112, 16], 'dtype': 'float32', 'keras_history': ['h_swish', 0, 0]}}], 'kwargs': {}}]}, {'module': 'model', 'class_name': 'Block', 'config': {'in_channels': 16, 'out_channels': 24, 'kernel_size': 3, 'stride': 2, 'expansion_factor': 4, 'se_ratio': 0, 'activation': 'relu', 'trainable': True, 'dtype': {'module': 'keras', 'class_name': 'DTypePolicy', 'config': {'name': 'float32'}, 'registered_name': None, 'shared_object_id': 5834852544}}, 'registered_name': 'Block', 'build_config': {'input_shape': [None, 56, 56, 16]}, 'name': 'block_1', 'inbound_nodes': [{'args': [{'class_name': '__keras_tensor__', 'config': {'shape': [None, 56, 56, 16], 'dtype': 'float32', 'keras_history': ['block', 0, 0]}}], 'kwargs': {}}]}, {'module': 'model', 'class_name': 'Block', 'config': {'in_channels': 24, 'out_channels': 24, 'kernel_size': 3, 'stride': 1, 'expansion_factor': 4, 'se_ratio': 0, 'activation': 'relu', 'trainable': True, 'dtype': {'module': 'keras', 'class_name': 'DTypePolicy', 'config': {'name': 'float32'}, 'registered_name': None, 'shared_object_id': 5834852544}}, 'registered_name': 'Block', 'build_config': {'input_shape': [None, 28, 28, 24]}, 'name': 'block_2', 'inbound_nodes': [{'args': [{'class_name': '__keras_tensor__', 'config': {'shape': [None, 28, 28, 24], 'dtype': 'float32', 'keras_history': ['block_1', 0, 0]}}], 'kwargs': {}}]}, {'module': 'model', 'class_name': 'Block', 'config': {'in_channels': 24, 'out_channels': 40, 'kernel_size': 5, 'stride': 2, 'expansion_factor': 4, 'se_ratio': 1, 'activation': 'hswish', 'trainable': True, 'dtype': {'module': 'keras', 'class_name': 'DTypePolicy', 'config': {'name': 'float32'}, 'registered_name': None, 'shared_object_id': 5834852544}}, 'registered_name': 'Block', 'build_config': {'input_shape': [None, 28, 28, 24]}, 'name': 'block_3', 'inbound_nodes': [{'args': [{'class_name': '__keras_tensor__', 'config': {'shape': [None, 28, 28, 24], 'dtype': 'float32', 'keras_history': ['block_2', 0, 0]}}], 'kwargs': {}}]}, {'module': 'model', 'class_name': 'Block', 'config': {'in_channels': 40, 'out_channels': 40, 'kernel_size': 5, 'stride': 1, 'expansion_factor': 6, 'se_ratio': 1, 'activation': 'hswish', 'trainable': True, 'dtype': {'module': 'keras', 'class_name': 'DTypePolicy', 'config': {'name': 'float32'}, 'registered_name': None, 'shared_object_id': 5834852544}}, 'registered_name': 'Block', 'build_config': {'input_shape': [None, 14, 14, 40]}, 'name': 'block_4', 'inbound_nodes': [{'args': [{'class_name': '__keras_tensor__', 'config': {'shape': [None, 14, 14, 40], 'dtype': 'float32', 'keras_history': ['block_3', 0, 0]}}], 'kwargs': {}}]}, {'module': 'model', 'class_name': 'Block', 'config': {'in_channels': 40, 'out_channels': 40, 'kernel_size': 5, 'stride': 1, 'expansion_factor': 6, 'se_ratio': 1, 'activation': 'hswish', 'trainable': True, 'dtype': {'module': 'keras', 'class_name': 'DTypePolicy', 'config': {'name': 'float32'}, 'registered_name': None, 'shared_object_id': 5834852544}}, 'registered_name': 'Block', 'build_config': {'input_shape': [None, 14, 14, 40]}, 'name': 'block_5', 'inbound_nodes': [{'args': [{'class_name': '__keras_tensor__', 'config': {'shape': [None, 14, 14, 40], 'dtype': 'float32', 'keras_history': ['block_4', 0, 0]}}], 'kwargs': {}}]}, {'module': 'model', 'class_name': 'Block', 'config': {'in_channels': 40, 'out_channels': 48, 'kernel_size': 5, 'stride': 1, 'expansion_factor': 3, 'se_ratio': 1, 'activation': 'hswish', 'trainable': True, 'dtype': {'module': 'keras', 'class_name': 'DTypePolicy', 'config': {'name': 'float32'}, 'registered_name': None, 'shared_object_id': 5834852544}}, 'registered_name': 'Block', 'build_config': {'input_shape': [None, 14, 14, 40]}, 'name': 'block_6', 'inbound_nodes': [{'args': [{'class_name': '__keras_tensor__', 'config': {'shape': [None, 14, 14, 40], 'dtype': 'float32', 'keras_history': ['block_5', 0, 0]}}], 'kwargs': {}}]}, {'module': 'model', 'class_name': 'Block', 'config': {'in_channels': 48, 'out_channels': 48, 'kernel_size': 5, 'stride': 1, 'expansion_factor': 3, 'se_ratio': 1, 'activation': 'hswish', 'trainable': True, 'dtype': {'module': 'keras', 'class_name': 'DTypePolicy', 'config': {'name': 'float32'}, 'registered_name': None, 'shared_object_id': 5834852544}}, 'registered_name': 'Block', 'build_config': {'input_shape': [None, 14, 14, 48]}, 'name': 'block_7', 'inbound_nodes': [{'args': [{'class_name': '__keras_tensor__', 'config': {'shape': [None, 14, 14, 48], 'dtype': 'float32', 'keras_history': ['block_6', 0, 0]}}], 'kwargs': {}}]}, {'module': 'model', 'class_name': 'Block', 'config': {'in_channels': 48, 'out_channels': 96, 'kernel_size': 5, 'stride': 2, 'expansion_factor': 6, 'se_ratio': 1, 'activation': 'hswish', 'trainable': True, 'dtype': {'module': 'keras', 'class_name': 'DTypePolicy', 'config': {'name': 'float32'}, 'registered_name': None, 'shared_object_id': 5834852544}}, 'registered_name': 'Block', 'build_config': {'input_shape': [None, 14, 14, 48]}, 'name': 'block_8', 'inbound_nodes': [{'args': [{'class_name': '__keras_tensor__', 'config': {'shape': [None, 14, 14, 48], 'dtype': 'float32', 'keras_history': ['block_7', 0, 0]}}], 'kwargs': {}}]}, {'module': 'model', 'class_name': 'Block', 'config': {'in_channels': 96, 'out_channels': 96, 'kernel_size': 5, 'stride': 1, 'expansion_factor': 6, 'se_ratio': 1, 'activation': 'hswish', 'trainable': True, 'dtype': {'module': 'keras', 'class_name': 'DTypePolicy', 'config': {'name': 'float32'}, 'registered_name': None, 'shared_object_id': 5834852544}}, 'registered_name': 'Block', 'build_config': {'input_shape': [None, 7, 7, 96]}, 'name': 'block_9', 'inbound_nodes': [{'args': [{'class_name': '__keras_tensor__', 'config': {'shape': [None, 7, 7, 96], 'dtype': 'float32', 'keras_history': ['block_8', 0, 0]}}], 'kwargs': {}}]}, {'module': 'model', 'class_name': 'Block', 'config': {'in_channels': 96, 'out_channels': 96, 'kernel_size': 5, 'stride': 1, 'expansion_factor': 6, 'se_ratio': 1, 'activation': 'hswish', 'trainable': True, 'dtype': {'module': 'keras', 'class_name': 'DTypePolicy', 'config': {'name': 'float32'}, 'registered_name': None, 'shared_object_id': 5834852544}}, 'registered_name': 'Block', 'build_config': {'input_shape': [None, 7, 7, 96]}, 'name': 'block_10', 'inbound_nodes': [{'args': [{'class_name': '__keras_tensor__', 'config': {'shape': [None, 7, 7, 96], 'dtype': 'float32', 'keras_history': ['block_9', 0, 0]}}], 'kwargs': {}}]}, {'module': 'keras.layers', 'class_name': 'Conv2D', 'config': {'name': 'conv2d_27', 'trainable': True, 'dtype': {'module': 'keras', 'class_name': 'DTypePolicy', 'config': {'name': 'float32'}, 'registered_name': None, 'shared_object_id': 5834852544}, 'filters': 96, 'kernel_size': [3, 3], 'strides': [1, 1], 'padding': 'same', 'data_format': 'channels_last', 'dilation_rate': [1, 1], 'groups': 1, 'activation': 'linear', 'use_bias': False, 'kernel_initializer': {'module': 'keras.initializers', 'class_name': 'RandomNormal', 'config': {'mean': 0.0, 'stddev': 0.01, 'seed': None}, 'registered_name': None}, 'bias_initializer': {'module': 'keras.initializers', 'class_name': 'Zeros', 'config': {}, 'registered_name': None}, 'kernel_regularizer': None, 'bias_regularizer': None, 'activity_regularizer': None, 'kernel_constraint': None, 'bias_constraint': None}, 'registered_name': None, 'build_config': {'input_shape': [None, 7, 7, 96]}, 'name': 'conv2d_27', 'inbound_nodes': [{'args': [{'class_name': '__keras_tensor__', 'config': {'shape': [None, 7, 7, 96], 'dtype': 'float32', 'keras_history': ['block_10', 0, 0]}}], 'kwargs': {}}]}, {'module': 'keras.layers', 'class_name': 'BatchNormalization', 'config': {'name': 'batch_normalization_38', 'trainable': True, 'dtype': {'module': 'keras', 'class_name': 'DTypePolicy', 'config': {'name': 'float32'}, 'registered_name': None, 'shared_object_id': 5834852544}, 'axis': -1, 'momentum': 0.99, 'epsilon': 0.001, 'center': True, 'scale': True, 'beta_initializer': 'zeros', 'gamma_initializer': 'ones', 'moving_mean_initializer': {'module': 'keras.initializers', 'class_name': 'Zeros', 'config': {}, 'registered_name': None}, 'moving_variance_initializer': {'module': 'keras.initializers', 'class_name': 'Ones', 'config': {}, 'registered_name': None}, 'beta_regularizer': None, 'gamma_regularizer': None, 'beta_constraint': None, 'gamma_constraint': None, 'synchronized': False}, 'registered_name': None, 'build_config': {'input_shape': [None, 7, 7, 96]}, 'name': 'batch_normalization_38', 'inbound_nodes': [{'args': [{'class_name': '__keras_tensor__', 'config': {'shape': [None, 7, 7, 96], 'dtype': 'float32', 'keras_history': ['conv2d_27', 0, 0]}}], 'kwargs': {'mask': None}}]}, {'module': 'model', 'class_name': 'HSwish', 'config': {'name': 'h_swish_17', 'trainable': True, 'dtype': {'module': 'keras', 'class_name': 'DTypePolicy', 'config': {'name': 'float32'}, 'registered_name': None, 'shared_object_id': 5834852544}}, 'registered_name': 'HSwish', 'build_config': {'input_shape': [None, 7, 7, 96]}, 'name': 'h_swish_17', 'inbound_nodes': [{'args': [{'class_name': '__keras_tensor__', 'config': {'shape': [None, 7, 7, 96], 'dtype': 'float32', 'keras_history': ['batch_normalization_38', 0, 0]}}], 'kwargs': {}}]}, {'module': 'keras.layers', 'class_name': 'Conv2D', 'config': {'name': 'conv2d_28', 'trainable': True, 'dtype': {'module': 'keras', 'class_name': 'DTypePolicy', 'config': {'name': 'float32'}, 'registered_name': None, 'shared_object_id': 5834852544}, 'filters': 576, 'kernel_size': [1, 1], 'strides': [1, 1], 'padding': 'valid', 'data_format': 'channels_last', 'dilation_rate': [1, 1], 'groups': 1, 'activation': 'linear', 'use_bias': True, 'kernel_initializer': {'module': 'keras.initializers', 'class_name': 'RandomNormal', 'config': {'mean': 0.0, 'stddev': 0.01, 'seed': None}, 'registered_name': None}, 'bias_initializer': 'zeros', 'kernel_regularizer': None, 'bias_regularizer': None, 'activity_regularizer': None, 'kernel_constraint': None, 'bias_constraint': None}, 'registered_name': None, 'build_config': {'input_shape': [None, 7, 7, 96]}, 'name': 'conv2d_28', 'inbound_nodes': [{'args': [{'class_name': '__keras_tensor__', 'config': {'shape': [None, 7, 7, 96], 'dtype': 'float32', 'keras_history': ['h_swish_17', 0, 0]}}], 'kwargs': {}}]}, {'module': 'keras.layers', 'class_name': 'GlobalAveragePooling2D', 'config': {'name': 'global_average_pooling2d', 'trainable': True, 'dtype': {'module': 'keras', 'class_name': 'DTypePolicy', 'config': {'name': 'float32'}, 'registered_name': None, 'shared_object_id': 5834852544}, 'data_format': 'channels_last', 'keepdims': False}, 'registered_name': None, 'build_config': {'input_shape': [None, 7, 7, 576]}, 'name': 'global_average_pooling2d', 'inbound_nodes': [{'args': [{'class_name': '__keras_tensor__', 'config': {'shape': [None, 7, 7, 576], 'dtype': 'float32', 'keras_history': ['conv2d_28', 0, 0]}}], 'kwargs': {}}]}, {'module': 'keras.layers', 'class_name': 'Dropout', 'config': {'name': 'dropout', 'trainable': True, 'dtype': {'module': 'keras', 'class_name': 'DTypePolicy', 'config': {'name': 'float32'}, 'registered_name': None, 'shared_object_id': 5834852544}, 'rate': 0.5, 'seed': None, 'noise_shape': None}, 'registered_name': None, 'build_config': {'input_shape': [None, 576]}, 'name': 'dropout', 'inbound_nodes': [{'args': [{'class_name': '__keras_tensor__', 'config': {'shape': [None, 576], 'dtype': 'float32', 'keras_history': ['global_average_pooling2d', 0, 0]}}], 'kwargs': {'training': False}}]}, {'module': 'keras.layers', 'class_name': 'Dense', 'config': {'name': 'dense_16', 'trainable': True, 'dtype': {'module': 'keras', 'class_name': 'DTypePolicy', 'config': {'name': 'float32'}, 'registered_name': None, 'shared_object_id': 5834852544}, 'units': 1280, 'activation': 'relu', 'use_bias': True, 'kernel_initializer': {'module': 'keras.initializers', 'class_name': 'RandomNormal', 'config': {'mean': 0.0, 'stddev': 0.01, 'seed': None}, 'registered_name': None}, 'bias_initializer': 'zeros', 'kernel_regularizer': None, 'bias_regularizer': None, 'kernel_constraint': None, 'bias_constraint': None}, 'registered_name': None, 'build_config': {'input_shape': [None, 576]}, 'name': 'dense_16', 'inbound_nodes': [{'args': [{'class_name': '__keras_tensor__', 'config': {'shape': [None, 576], 'dtype': 'float32', 'keras_history': ['dropout', 0, 0]}}], 'kwargs': {}}]}, {'module': 'keras.layers', 'class_name': 'Dropout', 'config': {'name': 'dropout_1', 'trainable': True, 'dtype': {'module': 'keras', 'class_name': 'DTypePolicy', 'config': {'name': 'float32'}, 'registered_name': None, 'shared_object_id': 5834852544}, 'rate': 0.2, 'seed': None, 'noise_shape': None}, 'registered_name': None, 'build_config': {'input_shape': [None, 1280]}, 'name': 'dropout_1', 'inbound_nodes': [{'args': [{'class_name': '__keras_tensor__', 'config': {'shape': [None, 1280], 'dtype': 'float32', 'keras_history': ['dense_16', 0, 0]}}], 'kwargs': {'training': False}}]}, {'module': 'keras.layers', 'class_name': 'Dense', 'config': {'name': 'dense_17', 'trainable': True, 'dtype': {'module': 'keras', 'class_name': 'DTypePolicy', 'config': {'name': 'float32'}, 'registered_name': None, 'shared_object_id': 5834852544}, 'units': 1, 'activation': 'linear', 'use_bias': True, 'kernel_initializer': {'module': 'keras.initializers', 'class_name': 'RandomNormal', 'config': {'mean': 0.0, 'stddev': 0.01, 'seed': None}, 'registered_name': None}, 'bias_initializer': 'zeros', 'kernel_regularizer': None, 'bias_regularizer': None, 'kernel_constraint': None, 'bias_constraint': None}, 'registered_name': None, 'build_config': {'input_shape': [None, 1280]}, 'name': 'dense_17', 'inbound_nodes': [{'args': [{'class_name': '__keras_tensor__', 'config': {'shape': [None, 1280], 'dtype': 'float32', 'keras_history': ['dropout_1', 0, 0]}}], 'kwargs': {}}]}, {'module': 'keras.layers', 'class_name': 'Activation', 'config': {'name': 'activation', 'trainable': True, 'dtype': {'module': 'keras', 'class_name': 'DTypePolicy', 'config': {'name': 'float32'}, 'registered_name': None, 'shared_object_id': 5834852544}, 'activation': 'sigmoid'}, 'registered_name': None, 'build_config': {'input_shape': [None, 1]}, 'name': 'activation', 'inbound_nodes': [{'args': [{'class_name': '__keras_tensor__', 'config': {'shape': [None, 1], 'dtype': 'float32', 'keras_history': ['dense_17', 0, 0]}}], 'kwargs': {}}]}], 'input_layers': [['input_layer', 0, 0]], 'output_layers': [['activation', 0, 0]]}, 'registered_name': 'Functional', 'build_config': {'input_shape': None}, 'compile_config': {'optimizer': {'module': 'keras.optimizers', 'class_name': 'Adam', 'config': {'name': 'adam', 'learning_rate': 0.0010000000474974513, 'weight_decay': None, 'clipnorm': None, 'global_clipnorm': None, 'clipvalue': None, 'use_ema': False, 'ema_momentum': 0.99, 'ema_overwrite_frequency': None, 'loss_scale_factor': None, 'gradient_accumulation_steps': None, 'beta_1': 0.9, 'beta_2': 0.999, 'epsilon': 1e-07, 'amsgrad': False}, 'registered_name': None}, 'loss': {'module': 'keras.losses', 'class_name': 'BinaryCrossentropy', 'config': {'name': 'binary_crossentropy', 'reduction': 'sum_over_batch_size', 'from_logits': False, 'label_smoothing': 0.0, 'axis': -1}, 'registered_name': None}, 'loss_weights': None, 'metrics': ['binary_accuracy'], 'weighted_metrics': None, 'run_eagerly': False, 'steps_per_execution': 1, 'jit_compile': False}}.

Exception encountered: <class 'model.Block'> could not be deserialized properly. Please ensure that components that are Python object instances (layers, models, etc.) returned by `get_config()` are explicitly deserialized in the model's `from_config()` method.

config={'module': 'model', 'class_name': 'Block', 'config': {'in_channels': 16, 'out_channels': 16, 'kernel_size': 3, 'stride': 2, 'expansion_factor': 1, 'se_ratio': 0, 'activation': 'relu', 'trainable': True, 'dtype': {'module': 'keras', 'class_name': 'DTypePolicy', 'config': {'name': 'float32'}, 'registered_name': None, 'shared_object_id': 5834852544}}, 'registered_name': 'Block', 'build_config': {'input_shape': [None, 112, 112, 16]}, 'name': 'block', 'inbound_nodes': [{'args': [{'class_name': '__keras_tensor__', 'config': {'shape': [None, 112, 112, 16], 'dtype': 'float32', 'keras_history': ['h_swish', 0, 0]}}], 'kwargs': {}}]}.

Exception encountered: Error when deserializing class 'Block' using config={'in_channels': 16, 'out_channels': 16, 'kernel_size': 3, 'stride': 2, 'expansion_factor': 1, 'se_ratio': 0, 'activation': 'relu', 'trainable': True, 'dtype': 'float32'}.

Exception encountered: Block.__init__() got an unexpected keyword argument 'trainable'
Traceback (most recent call last):
  File "/opt/anaconda3/envs/cvproj/lib/python3.12/site-packages/keras/src/ops/operation.py", line 234, in from_config
    return cls(**config)
           ^^^^^^^^^^^^^
TypeError: Block.__init__() got an unexpected keyword argument 'trainable'

During handling of the above exception, another exception occurred:

Traceback (most recent call last):
  File "/opt/anaconda3/envs/cvproj/lib/python3.12/site-packages/keras/src/saving/serialization_lib.py", line 718, in deserialize_keras_object
    instance = cls.from_config(inner_config)
               ^^^^^^^^^^^^^^^^^^^^^^^^^^^^^
  File "/opt/anaconda3/envs/cvproj/lib/python3.12/site-packages/keras/src/ops/operation.py", line 236, in from_config
    raise TypeError(
TypeError: Error when deserializing class 'Block' using config={'in_channels': 16, 'out_channels': 16, 'kernel_size': 3, 'stride': 2, 'expansion_factor': 1, 'se_ratio': 0, 'activation': 'relu', 'trainable': True, 'dtype': 'float32'}.

Exception encountered: Block.__init__() got an unexpected keyword argument 'trainable'

During handling of the above exception, another exception occurred:

Traceback (most recent call last):
  File "/opt/anaconda3/envs/cvproj/lib/python3.12/site-packages/keras/src/saving/serialization_lib.py", line 718, in deserialize_keras_object
    instance = cls.from_config(inner_config)
               ^^^^^^^^^^^^^^^^^^^^^^^^^^^^^
  File "/opt/anaconda3/envs/cvproj/lib/python3.12/site-packages/keras/src/models/model.py", line 521, in from_config
    return functional_from_config(
           ^^^^^^^^^^^^^^^^^^^^^^^
  File "/opt/anaconda3/envs/cvproj/lib/python3.12/site-packages/keras/src/models/functional.py", line 477, in functional_from_config
    process_layer(layer_data)
  File "/opt/anaconda3/envs/cvproj/lib/python3.12/site-packages/keras/src/models/functional.py", line 461, in process_layer
    layer = serialization_lib.deserialize_keras_object(
            ^^^^^^^^^^^^^^^^^^^^^^^^^^^^^^^^^^^^^^^^^^^
  File "/opt/anaconda3/envs/cvproj/lib/python3.12/site-packages/keras/src/saving/serialization_lib.py", line 720, in deserialize_keras_object
    raise TypeError(
TypeError: <class 'model.Block'> could not be deserialized properly. Please ensure that components that are Python object instances (layers, models, etc.) returned by `get_config()` are explicitly deserialized in the model's `from_config()` method.

config={'module': 'model', 'class_name': 'Block', 'config': {'in_channels': 16, 'out_channels': 16, 'kernel_size': 3, 'stride': 2, 'expansion_factor': 1, 'se_ratio': 0, 'activation': 'relu', 'trainable': True, 'dtype': {'module': 'keras', 'class_name': 'DTypePolicy', 'config': {'name': 'float32'}, 'registered_name': None, 'shared_object_id': 5834852544}}, 'registered_name': 'Block', 'build_config': {'input_shape': [None, 112, 112, 16]}, 'name': 'block', 'inbound_nodes': [{'args': [{'class_name': '__keras_tensor__', 'config': {'shape': [None, 112, 112, 16], 'dtype': 'float32', 'keras_history': ['h_swish', 0, 0]}}], 'kwargs': {}}]}.

Exception encountered: Error when deserializing class 'Block' using config={'in_channels': 16, 'out_channels': 16, 'kernel_size': 3, 'stride': 2, 'expansion_factor': 1, 'se_ratio': 0, 'activation': 'relu', 'trainable': True, 'dtype': 'float32'}.

Exception encountered: Block.__init__() got an unexpected keyword argument 'trainable'

During handling of the above exception, another exception occurred:

Traceback (most recent call last):
  File "/Users/francesco/Repository/computer_vision_project/tensorflow/test.py", line 167, in main
    model = tf.keras.models.load_model(TestConfig.MODEL_PATH)
            ^^^^^^^^^^^^^^^^^^^^^^^^^^^^^^^^^^^^^^^^^^^^^^^^^
  File "/opt/anaconda3/envs/cvproj/lib/python3.12/site-packages/keras/src/saving/saving_api.py", line 182, in load_model
    return saving_lib.load_model(
           ^^^^^^^^^^^^^^^^^^^^^^
  File "/opt/anaconda3/envs/cvproj/lib/python3.12/site-packages/keras/src/saving/saving_lib.py", line 237, in load_model
    return _load_model_from_fileobj(
           ^^^^^^^^^^^^^^^^^^^^^^^^^
  File "/opt/anaconda3/envs/cvproj/lib/python3.12/site-packages/keras/src/saving/saving_lib.py", line 314, in _load_model_from_fileobj
    model = _model_from_config(
            ^^^^^^^^^^^^^^^^^^^
  File "/opt/anaconda3/envs/cvproj/lib/python3.12/site-packages/keras/src/saving/saving_lib.py", line 303, in _model_from_config
    model = deserialize_keras_object(
            ^^^^^^^^^^^^^^^^^^^^^^^^^
  File "/opt/anaconda3/envs/cvproj/lib/python3.12/site-packages/keras/src/saving/serialization_lib.py", line 720, in deserialize_keras_object
    raise TypeError(
TypeError: <class 'keras.src.models.functional.Functional'> could not be deserialized properly. Please ensure that components that are Python object instances (layers, models, etc.) returned by `get_config()` are explicitly deserialized in the model's `from_config()` method.

config={'module': 'keras.src.models.functional', 'class_name': 'Functional', 'config': {'name': 'functional_45', 'trainable': True, 'layers': [{'module': 'keras.layers', 'class_name': 'InputLayer', 'config': {'batch_shape': [None, 224, 224, 3], 'dtype': 'float32', 'sparse': False, 'name': 'input_layer'}, 'registered_name': None, 'name': 'input_layer', 'inbound_nodes': []}, {'module': 'keras.layers', 'class_name': 'Conv2D', 'config': {'name': 'conv2d', 'trainable': True, 'dtype': {'module': 'keras', 'class_name': 'DTypePolicy', 'config': {'name': 'float32'}, 'registered_name': None}, 'filters': 16, 'kernel_size': [3, 3], 'strides': [2, 2], 'padding': 'same', 'data_format': 'channels_last', 'dilation_rate': [1, 1], 'groups': 1, 'activation': 'linear', 'use_bias': False, 'kernel_initializer': {'module': 'keras.initializers', 'class_name': 'RandomNormal', 'config': {'mean': 0.0, 'stddev': 0.01, 'seed': None}, 'registered_name': None}, 'bias_initializer': {'module': 'keras.initializers', 'class_name': 'Zeros', 'config': {}, 'registered_name': None}, 'kernel_regularizer': None, 'bias_regularizer': None, 'activity_regularizer': None, 'kernel_constraint': None, 'bias_constraint': None}, 'registered_name': None, 'build_config': {'input_shape': [None, 224, 224, 3]}, 'name': 'conv2d', 'inbound_nodes': [{'args': [{'class_name': '__keras_tensor__', 'config': {'shape': [None, 224, 224, 3], 'dtype': 'float32', 'keras_history': ['input_layer', 0, 0]}}], 'kwargs': {}}]}, {'module': 'keras.layers', 'class_name': 'BatchNormalization', 'config': {'name': 'batch_normalization', 'trainable': True, 'dtype': {'module': 'keras', 'class_name': 'DTypePolicy', 'config': {'name': 'float32'}, 'registered_name': None, 'shared_object_id': 5834852544}, 'axis': -1, 'momentum': 0.99, 'epsilon': 0.001, 'center': True, 'scale': True, 'beta_initializer': 'zeros', 'gamma_initializer': 'ones', 'moving_mean_initializer': {'module': 'keras.initializers', 'class_name': 'Zeros', 'config': {}, 'registered_name': None}, 'moving_variance_initializer': {'module': 'keras.initializers', 'class_name': 'Ones', 'config': {}, 'registered_name': None}, 'beta_regularizer': None, 'gamma_regularizer': None, 'beta_constraint': None, 'gamma_constraint': None, 'synchronized': False}, 'registered_name': None, 'build_config': {'input_shape': [None, 112, 112, 16]}, 'name': 'batch_normalization', 'inbound_nodes': [{'args': [{'class_name': '__keras_tensor__', 'config': {'shape': [None, 112, 112, 16], 'dtype': 'float32', 'keras_history': ['conv2d', 0, 0]}}], 'kwargs': {'mask': None}}]}, {'module': 'model', 'class_name': 'HSwish', 'config': {'name': 'h_swish', 'trainable': True, 'dtype': {'module': 'keras', 'class_name': 'DTypePolicy', 'config': {'name': 'float32'}, 'registered_name': None, 'shared_object_id': 5834852544}}, 'registered_name': 'HSwish', 'build_config': {'input_shape': [None, 112, 112, 16]}, 'name': 'h_swish', 'inbound_nodes': [{'args': [{'class_name': '__keras_tensor__', 'config': {'shape': [None, 112, 112, 16], 'dtype': 'float32', 'keras_history': ['batch_normalization', 0, 0]}}], 'kwargs': {}}]}, {'module': 'model', 'class_name': 'Block', 'config': {'in_channels': 16, 'out_channels': 16, 'kernel_size': 3, 'stride': 2, 'expansion_factor': 1, 'se_ratio': 0, 'activation': 'relu', 'trainable': True, 'dtype': {'module': 'keras', 'class_name': 'DTypePolicy', 'config': {'name': 'float32'}, 'registered_name': None, 'shared_object_id': 5834852544}}, 'registered_name': 'Block', 'build_config': {'input_shape': [None, 112, 112, 16]}, 'name': 'block', 'inbound_nodes': [{'args': [{'class_name': '__keras_tensor__', 'config': {'shape': [None, 112, 112, 16], 'dtype': 'float32', 'keras_history': ['h_swish', 0, 0]}}], 'kwargs': {}}]}, {'module': 'model', 'class_name': 'Block', 'config': {'in_channels': 16, 'out_channels': 24, 'kernel_size': 3, 'stride': 2, 'expansion_factor': 4, 'se_ratio': 0, 'activation': 'relu', 'trainable': True, 'dtype': {'module': 'keras', 'class_name': 'DTypePolicy', 'config': {'name': 'float32'}, 'registered_name': None, 'shared_object_id': 5834852544}}, 'registered_name': 'Block', 'build_config': {'input_shape': [None, 56, 56, 16]}, 'name': 'block_1', 'inbound_nodes': [{'args': [{'class_name': '__keras_tensor__', 'config': {'shape': [None, 56, 56, 16], 'dtype': 'float32', 'keras_history': ['block', 0, 0]}}], 'kwargs': {}}]}, {'module': 'model', 'class_name': 'Block', 'config': {'in_channels': 24, 'out_channels': 24, 'kernel_size': 3, 'stride': 1, 'expansion_factor': 4, 'se_ratio': 0, 'activation': 'relu', 'trainable': True, 'dtype': {'module': 'keras', 'class_name': 'DTypePolicy', 'config': {'name': 'float32'}, 'registered_name': None, 'shared_object_id': 5834852544}}, 'registered_name': 'Block', 'build_config': {'input_shape': [None, 28, 28, 24]}, 'name': 'block_2', 'inbound_nodes': [{'args': [{'class_name': '__keras_tensor__', 'config': {'shape': [None, 28, 28, 24], 'dtype': 'float32', 'keras_history': ['block_1', 0, 0]}}], 'kwargs': {}}]}, {'module': 'model', 'class_name': 'Block', 'config': {'in_channels': 24, 'out_channels': 40, 'kernel_size': 5, 'stride': 2, 'expansion_factor': 4, 'se_ratio': 1, 'activation': 'hswish', 'trainable': True, 'dtype': {'module': 'keras', 'class_name': 'DTypePolicy', 'config': {'name': 'float32'}, 'registered_name': None, 'shared_object_id': 5834852544}}, 'registered_name': 'Block', 'build_config': {'input_shape': [None, 28, 28, 24]}, 'name': 'block_3', 'inbound_nodes': [{'args': [{'class_name': '__keras_tensor__', 'config': {'shape': [None, 28, 28, 24], 'dtype': 'float32', 'keras_history': ['block_2', 0, 0]}}], 'kwargs': {}}]}, {'module': 'model', 'class_name': 'Block', 'config': {'in_channels': 40, 'out_channels': 40, 'kernel_size': 5, 'stride': 1, 'expansion_factor': 6, 'se_ratio': 1, 'activation': 'hswish', 'trainable': True, 'dtype': {'module': 'keras', 'class_name': 'DTypePolicy', 'config': {'name': 'float32'}, 'registered_name': None, 'shared_object_id': 5834852544}}, 'registered_name': 'Block', 'build_config': {'input_shape': [None, 14, 14, 40]}, 'name': 'block_4', 'inbound_nodes': [{'args': [{'class_name': '__keras_tensor__', 'config': {'shape': [None, 14, 14, 40], 'dtype': 'float32', 'keras_history': ['block_3', 0, 0]}}], 'kwargs': {}}]}, {'module': 'model', 'class_name': 'Block', 'config': {'in_channels': 40, 'out_channels': 40, 'kernel_size': 5, 'stride': 1, 'expansion_factor': 6, 'se_ratio': 1, 'activation': 'hswish', 'trainable': True, 'dtype': {'module': 'keras', 'class_name': 'DTypePolicy', 'config': {'name': 'float32'}, 'registered_name': None, 'shared_object_id': 5834852544}}, 'registered_name': 'Block', 'build_config': {'input_shape': [None, 14, 14, 40]}, 'name': 'block_5', 'inbound_nodes': [{'args': [{'class_name': '__keras_tensor__', 'config': {'shape': [None, 14, 14, 40], 'dtype': 'float32', 'keras_history': ['block_4', 0, 0]}}], 'kwargs': {}}]}, {'module': 'model', 'class_name': 'Block', 'config': {'in_channels': 40, 'out_channels': 48, 'kernel_size': 5, 'stride': 1, 'expansion_factor': 3, 'se_ratio': 1, 'activation': 'hswish', 'trainable': True, 'dtype': {'module': 'keras', 'class_name': 'DTypePolicy', 'config': {'name': 'float32'}, 'registered_name': None, 'shared_object_id': 5834852544}}, 'registered_name': 'Block', 'build_config': {'input_shape': [None, 14, 14, 40]}, 'name': 'block_6', 'inbound_nodes': [{'args': [{'class_name': '__keras_tensor__', 'config': {'shape': [None, 14, 14, 40], 'dtype': 'float32', 'keras_history': ['block_5', 0, 0]}}], 'kwargs': {}}]}, {'module': 'model', 'class_name': 'Block', 'config': {'in_channels': 48, 'out_channels': 48, 'kernel_size': 5, 'stride': 1, 'expansion_factor': 3, 'se_ratio': 1, 'activation': 'hswish', 'trainable': True, 'dtype': {'module': 'keras', 'class_name': 'DTypePolicy', 'config': {'name': 'float32'}, 'registered_name': None, 'shared_object_id': 5834852544}}, 'registered_name': 'Block', 'build_config': {'input_shape': [None, 14, 14, 48]}, 'name': 'block_7', 'inbound_nodes': [{'args': [{'class_name': '__keras_tensor__', 'config': {'shape': [None, 14, 14, 48], 'dtype': 'float32', 'keras_history': ['block_6', 0, 0]}}], 'kwargs': {}}]}, {'module': 'model', 'class_name': 'Block', 'config': {'in_channels': 48, 'out_channels': 96, 'kernel_size': 5, 'stride': 2, 'expansion_factor': 6, 'se_ratio': 1, 'activation': 'hswish', 'trainable': True, 'dtype': {'module': 'keras', 'class_name': 'DTypePolicy', 'config': {'name': 'float32'}, 'registered_name': None, 'shared_object_id': 5834852544}}, 'registered_name': 'Block', 'build_config': {'input_shape': [None, 14, 14, 48]}, 'name': 'block_8', 'inbound_nodes': [{'args': [{'class_name': '__keras_tensor__', 'config': {'shape': [None, 14, 14, 48], 'dtype': 'float32', 'keras_history': ['block_7', 0, 0]}}], 'kwargs': {}}]}, {'module': 'model', 'class_name': 'Block', 'config': {'in_channels': 96, 'out_channels': 96, 'kernel_size': 5, 'stride': 1, 'expansion_factor': 6, 'se_ratio': 1, 'activation': 'hswish', 'trainable': True, 'dtype': {'module': 'keras', 'class_name': 'DTypePolicy', 'config': {'name': 'float32'}, 'registered_name': None, 'shared_object_id': 5834852544}}, 'registered_name': 'Block', 'build_config': {'input_shape': [None, 7, 7, 96]}, 'name': 'block_9', 'inbound_nodes': [{'args': [{'class_name': '__keras_tensor__', 'config': {'shape': [None, 7, 7, 96], 'dtype': 'float32', 'keras_history': ['block_8', 0, 0]}}], 'kwargs': {}}]}, {'module': 'model', 'class_name': 'Block', 'config': {'in_channels': 96, 'out_channels': 96, 'kernel_size': 5, 'stride': 1, 'expansion_factor': 6, 'se_ratio': 1, 'activation': 'hswish', 'trainable': True, 'dtype': {'module': 'keras', 'class_name': 'DTypePolicy', 'config': {'name': 'float32'}, 'registered_name': None, 'shared_object_id': 5834852544}}, 'registered_name': 'Block', 'build_config': {'input_shape': [None, 7, 7, 96]}, 'name': 'block_10', 'inbound_nodes': [{'args': [{'class_name': '__keras_tensor__', 'config': {'shape': [None, 7, 7, 96], 'dtype': 'float32', 'keras_history': ['block_9', 0, 0]}}], 'kwargs': {}}]}, {'module': 'keras.layers', 'class_name': 'Conv2D', 'config': {'name': 'conv2d_27', 'trainable': True, 'dtype': {'module': 'keras', 'class_name': 'DTypePolicy', 'config': {'name': 'float32'}, 'registered_name': None, 'shared_object_id': 5834852544}, 'filters': 96, 'kernel_size': [3, 3], 'strides': [1, 1], 'padding': 'same', 'data_format': 'channels_last', 'dilation_rate': [1, 1], 'groups': 1, 'activation': 'linear', 'use_bias': False, 'kernel_initializer': {'module': 'keras.initializers', 'class_name': 'RandomNormal', 'config': {'mean': 0.0, 'stddev': 0.01, 'seed': None}, 'registered_name': None}, 'bias_initializer': {'module': 'keras.initializers', 'class_name': 'Zeros', 'config': {}, 'registered_name': None}, 'kernel_regularizer': None, 'bias_regularizer': None, 'activity_regularizer': None, 'kernel_constraint': None, 'bias_constraint': None}, 'registered_name': None, 'build_config': {'input_shape': [None, 7, 7, 96]}, 'name': 'conv2d_27', 'inbound_nodes': [{'args': [{'class_name': '__keras_tensor__', 'config': {'shape': [None, 7, 7, 96], 'dtype': 'float32', 'keras_history': ['block_10', 0, 0]}}], 'kwargs': {}}]}, {'module': 'keras.layers', 'class_name': 'BatchNormalization', 'config': {'name': 'batch_normalization_38', 'trainable': True, 'dtype': {'module': 'keras', 'class_name': 'DTypePolicy', 'config': {'name': 'float32'}, 'registered_name': None, 'shared_object_id': 5834852544}, 'axis': -1, 'momentum': 0.99, 'epsilon': 0.001, 'center': True, 'scale': True, 'beta_initializer': 'zeros', 'gamma_initializer': 'ones', 'moving_mean_initializer': {'module': 'keras.initializers', 'class_name': 'Zeros', 'config': {}, 'registered_name': None}, 'moving_variance_initializer': {'module': 'keras.initializers', 'class_name': 'Ones', 'config': {}, 'registered_name': None}, 'beta_regularizer': None, 'gamma_regularizer': None, 'beta_constraint': None, 'gamma_constraint': None, 'synchronized': False}, 'registered_name': None, 'build_config': {'input_shape': [None, 7, 7, 96]}, 'name': 'batch_normalization_38', 'inbound_nodes': [{'args': [{'class_name': '__keras_tensor__', 'config': {'shape': [None, 7, 7, 96], 'dtype': 'float32', 'keras_history': ['conv2d_27', 0, 0]}}], 'kwargs': {'mask': None}}]}, {'module': 'model', 'class_name': 'HSwish', 'config': {'name': 'h_swish_17', 'trainable': True, 'dtype': {'module': 'keras', 'class_name': 'DTypePolicy', 'config': {'name': 'float32'}, 'registered_name': None, 'shared_object_id': 5834852544}}, 'registered_name': 'HSwish', 'build_config': {'input_shape': [None, 7, 7, 96]}, 'name': 'h_swish_17', 'inbound_nodes': [{'args': [{'class_name': '__keras_tensor__', 'config': {'shape': [None, 7, 7, 96], 'dtype': 'float32', 'keras_history': ['batch_normalization_38', 0, 0]}}], 'kwargs': {}}]}, {'module': 'keras.layers', 'class_name': 'Conv2D', 'config': {'name': 'conv2d_28', 'trainable': True, 'dtype': {'module': 'keras', 'class_name': 'DTypePolicy', 'config': {'name': 'float32'}, 'registered_name': None, 'shared_object_id': 5834852544}, 'filters': 576, 'kernel_size': [1, 1], 'strides': [1, 1], 'padding': 'valid', 'data_format': 'channels_last', 'dilation_rate': [1, 1], 'groups': 1, 'activation': 'linear', 'use_bias': True, 'kernel_initializer': {'module': 'keras.initializers', 'class_name': 'RandomNormal', 'config': {'mean': 0.0, 'stddev': 0.01, 'seed': None}, 'registered_name': None}, 'bias_initializer': 'zeros', 'kernel_regularizer': None, 'bias_regularizer': None, 'activity_regularizer': None, 'kernel_constraint': None, 'bias_constraint': None}, 'registered_name': None, 'build_config': {'input_shape': [None, 7, 7, 96]}, 'name': 'conv2d_28', 'inbound_nodes': [{'args': [{'class_name': '__keras_tensor__', 'config': {'shape': [None, 7, 7, 96], 'dtype': 'float32', 'keras_history': ['h_swish_17', 0, 0]}}], 'kwargs': {}}]}, {'module': 'keras.layers', 'class_name': 'GlobalAveragePooling2D', 'config': {'name': 'global_average_pooling2d', 'trainable': True, 'dtype': {'module': 'keras', 'class_name': 'DTypePolicy', 'config': {'name': 'float32'}, 'registered_name': None, 'shared_object_id': 5834852544}, 'data_format': 'channels_last', 'keepdims': False}, 'registered_name': None, 'build_config': {'input_shape': [None, 7, 7, 576]}, 'name': 'global_average_pooling2d', 'inbound_nodes': [{'args': [{'class_name': '__keras_tensor__', 'config': {'shape': [None, 7, 7, 576], 'dtype': 'float32', 'keras_history': ['conv2d_28', 0, 0]}}], 'kwargs': {}}]}, {'module': 'keras.layers', 'class_name': 'Dropout', 'config': {'name': 'dropout', 'trainable': True, 'dtype': {'module': 'keras', 'class_name': 'DTypePolicy', 'config': {'name': 'float32'}, 'registered_name': None, 'shared_object_id': 5834852544}, 'rate': 0.5, 'seed': None, 'noise_shape': None}, 'registered_name': None, 'build_config': {'input_shape': [None, 576]}, 'name': 'dropout', 'inbound_nodes': [{'args': [{'class_name': '__keras_tensor__', 'config': {'shape': [None, 576], 'dtype': 'float32', 'keras_history': ['global_average_pooling2d', 0, 0]}}], 'kwargs': {'training': False}}]}, {'module': 'keras.layers', 'class_name': 'Dense', 'config': {'name': 'dense_16', 'trainable': True, 'dtype': {'module': 'keras', 'class_name': 'DTypePolicy', 'config': {'name': 'float32'}, 'registered_name': None, 'shared_object_id': 5834852544}, 'units': 1280, 'activation': 'relu', 'use_bias': True, 'kernel_initializer': {'module': 'keras.initializers', 'class_name': 'RandomNormal', 'config': {'mean': 0.0, 'stddev': 0.01, 'seed': None}, 'registered_name': None}, 'bias_initializer': 'zeros', 'kernel_regularizer': None, 'bias_regularizer': None, 'kernel_constraint': None, 'bias_constraint': None}, 'registered_name': None, 'build_config': {'input_shape': [None, 576]}, 'name': 'dense_16', 'inbound_nodes': [{'args': [{'class_name': '__keras_tensor__', 'config': {'shape': [None, 576], 'dtype': 'float32', 'keras_history': ['dropout', 0, 0]}}], 'kwargs': {}}]}, {'module': 'keras.layers', 'class_name': 'Dropout', 'config': {'name': 'dropout_1', 'trainable': True, 'dtype': {'module': 'keras', 'class_name': 'DTypePolicy', 'config': {'name': 'float32'}, 'registered_name': None, 'shared_object_id': 5834852544}, 'rate': 0.2, 'seed': None, 'noise_shape': None}, 'registered_name': None, 'build_config': {'input_shape': [None, 1280]}, 'name': 'dropout_1', 'inbound_nodes': [{'args': [{'class_name': '__keras_tensor__', 'config': {'shape': [None, 1280], 'dtype': 'float32', 'keras_history': ['dense_16', 0, 0]}}], 'kwargs': {'training': False}}]}, {'module': 'keras.layers', 'class_name': 'Dense', 'config': {'name': 'dense_17', 'trainable': True, 'dtype': {'module': 'keras', 'class_name': 'DTypePolicy', 'config': {'name': 'float32'}, 'registered_name': None, 'shared_object_id': 5834852544}, 'units': 1, 'activation': 'linear', 'use_bias': True, 'kernel_initializer': {'module': 'keras.initializers', 'class_name': 'RandomNormal', 'config': {'mean': 0.0, 'stddev': 0.01, 'seed': None}, 'registered_name': None}, 'bias_initializer': 'zeros', 'kernel_regularizer': None, 'bias_regularizer': None, 'kernel_constraint': None, 'bias_constraint': None}, 'registered_name': None, 'build_config': {'input_shape': [None, 1280]}, 'name': 'dense_17', 'inbound_nodes': [{'args': [{'class_name': '__keras_tensor__', 'config': {'shape': [None, 1280], 'dtype': 'float32', 'keras_history': ['dropout_1', 0, 0]}}], 'kwargs': {}}]}, {'module': 'keras.layers', 'class_name': 'Activation', 'config': {'name': 'activation', 'trainable': True, 'dtype': {'module': 'keras', 'class_name': 'DTypePolicy', 'config': {'name': 'float32'}, 'registered_name': None, 'shared_object_id': 5834852544}, 'activation': 'sigmoid'}, 'registered_name': None, 'build_config': {'input_shape': [None, 1]}, 'name': 'activation', 'inbound_nodes': [{'args': [{'class_name': '__keras_tensor__', 'config': {'shape': [None, 1], 'dtype': 'float32', 'keras_history': ['dense_17', 0, 0]}}], 'kwargs': {}}]}], 'input_layers': [['input_layer', 0, 0]], 'output_layers': [['activation', 0, 0]]}, 'registered_name': 'Functional', 'build_config': {'input_shape': None}, 'compile_config': {'optimizer': {'module': 'keras.optimizers', 'class_name': 'Adam', 'config': {'name': 'adam', 'learning_rate': 0.0010000000474974513, 'weight_decay': None, 'clipnorm': None, 'global_clipnorm': None, 'clipvalue': None, 'use_ema': False, 'ema_momentum': 0.99, 'ema_overwrite_frequency': None, 'loss_scale_factor': None, 'gradient_accumulation_steps': None, 'beta_1': 0.9, 'beta_2': 0.999, 'epsilon': 1e-07, 'amsgrad': False}, 'registered_name': None}, 'loss': {'module': 'keras.losses', 'class_name': 'BinaryCrossentropy', 'config': {'name': 'binary_crossentropy', 'reduction': 'sum_over_batch_size', 'from_logits': False, 'label_smoothing': 0.0, 'axis': -1}, 'registered_name': None}, 'loss_weights': None, 'metrics': ['binary_accuracy'], 'weighted_metrics': None, 'run_eagerly': False, 'steps_per_execution': 1, 'jit_compile': False}}.

Exception encountered: <class 'model.Block'> could not be deserialized properly. Please ensure that components that are Python object instances (layers, models, etc.) returned by `get_config()` are explicitly deserialized in the model's `from_config()` method.

config={'module': 'model', 'class_name': 'Block', 'config': {'in_channels': 16, 'out_channels': 16, 'kernel_size': 3, 'stride': 2, 'expansion_factor': 1, 'se_ratio': 0, 'activation': 'relu', 'trainable': True, 'dtype': {'module': 'keras', 'class_name': 'DTypePolicy', 'config': {'name': 'float32'}, 'registered_name': None, 'shared_object_id': 5834852544}}, 'registered_name': 'Block', 'build_config': {'input_shape': [None, 112, 112, 16]}, 'name': 'block', 'inbound_nodes': [{'args': [{'class_name': '__keras_tensor__', 'config': {'shape': [None, 112, 112, 16], 'dtype': 'float32', 'keras_history': ['h_swish', 0, 0]}}], 'kwargs': {}}]}.

Exception encountered: Error when deserializing class 'Block' using config={'in_channels': 16, 'out_channels': 16, 'kernel_size': 3, 'stride': 2, 'expansion_factor': 1, 'se_ratio': 0, 'activation': 'relu', 'trainable': True, 'dtype': 'float32'}.

Exception encountered: Block.__init__() got an unexpected keyword argument 'trainable'
2025-01-01 23:30:45,440 - INFO - Starting model testing...
2025-01-01 23:30:45,440 - INFO - Loading test dataset...
2025-01-01 23:30:45,689 - INFO - Train dataset size: 16121
2025-01-01 23:30:45,689 - INFO - Validation dataset size: 5374
2025-01-01 23:30:45,689 - INFO - Test dataset size: 5374
2025-01-01 23:30:45,691 - INFO - Loading trained model...
2025-01-01 23:30:45,699 - ERROR - Error during testing: <class 'keras.src.models.functional.Functional'> could not be deserialized properly. Please ensure that components that are Python object instances (layers, models, etc.) returned by `get_config()` are explicitly deserialized in the model's `from_config()` method.

config={'module': 'keras.src.models.functional', 'class_name': 'Functional', 'config': {'name': 'functional_45', 'trainable': True, 'layers': [{'module': 'keras.layers', 'class_name': 'InputLayer', 'config': {'batch_shape': [None, 224, 224, 3], 'dtype': 'float32', 'sparse': False, 'name': 'input_layer'}, 'registered_name': None, 'name': 'input_layer', 'inbound_nodes': []}, {'module': 'keras.layers', 'class_name': 'Conv2D', 'config': {'name': 'conv2d', 'trainable': True, 'dtype': {'module': 'keras', 'class_name': 'DTypePolicy', 'config': {'name': 'float32'}, 'registered_name': None}, 'filters': 16, 'kernel_size': [3, 3], 'strides': [2, 2], 'padding': 'same', 'data_format': 'channels_last', 'dilation_rate': [1, 1], 'groups': 1, 'activation': 'linear', 'use_bias': False, 'kernel_initializer': {'module': 'keras.initializers', 'class_name': 'RandomNormal', 'config': {'mean': 0.0, 'stddev': 0.01, 'seed': None}, 'registered_name': None}, 'bias_initializer': {'module': 'keras.initializers', 'class_name': 'Zeros', 'config': {}, 'registered_name': None}, 'kernel_regularizer': None, 'bias_regularizer': None, 'activity_regularizer': None, 'kernel_constraint': None, 'bias_constraint': None}, 'registered_name': None, 'build_config': {'input_shape': [None, 224, 224, 3]}, 'name': 'conv2d', 'inbound_nodes': [{'args': [{'class_name': '__keras_tensor__', 'config': {'shape': [None, 224, 224, 3], 'dtype': 'float32', 'keras_history': ['input_layer', 0, 0]}}], 'kwargs': {}}]}, {'module': 'keras.layers', 'class_name': 'BatchNormalization', 'config': {'name': 'batch_normalization', 'trainable': True, 'dtype': {'module': 'keras', 'class_name': 'DTypePolicy', 'config': {'name': 'float32'}, 'registered_name': None, 'shared_object_id': 5834852544}, 'axis': -1, 'momentum': 0.99, 'epsilon': 0.001, 'center': True, 'scale': True, 'beta_initializer': 'zeros', 'gamma_initializer': 'ones', 'moving_mean_initializer': {'module': 'keras.initializers', 'class_name': 'Zeros', 'config': {}, 'registered_name': None}, 'moving_variance_initializer': {'module': 'keras.initializers', 'class_name': 'Ones', 'config': {}, 'registered_name': None}, 'beta_regularizer': None, 'gamma_regularizer': None, 'beta_constraint': None, 'gamma_constraint': None, 'synchronized': False}, 'registered_name': None, 'build_config': {'input_shape': [None, 112, 112, 16]}, 'name': 'batch_normalization', 'inbound_nodes': [{'args': [{'class_name': '__keras_tensor__', 'config': {'shape': [None, 112, 112, 16], 'dtype': 'float32', 'keras_history': ['conv2d', 0, 0]}}], 'kwargs': {'mask': None}}]}, {'module': 'model', 'class_name': 'HSwish', 'config': {'name': 'h_swish', 'trainable': True, 'dtype': {'module': 'keras', 'class_name': 'DTypePolicy', 'config': {'name': 'float32'}, 'registered_name': None, 'shared_object_id': 5834852544}}, 'registered_name': 'HSwish', 'build_config': {'input_shape': [None, 112, 112, 16]}, 'name': 'h_swish', 'inbound_nodes': [{'args': [{'class_name': '__keras_tensor__', 'config': {'shape': [None, 112, 112, 16], 'dtype': 'float32', 'keras_history': ['batch_normalization', 0, 0]}}], 'kwargs': {}}]}, {'module': 'model', 'class_name': 'Block', 'config': {'in_channels': 16, 'out_channels': 16, 'kernel_size': 3, 'stride': 2, 'expansion_factor': 1, 'se_ratio': 0, 'activation': 'relu', 'trainable': True, 'dtype': {'module': 'keras', 'class_name': 'DTypePolicy', 'config': {'name': 'float32'}, 'registered_name': None, 'shared_object_id': 5834852544}}, 'registered_name': 'Block', 'build_config': {'input_shape': [None, 112, 112, 16]}, 'name': 'block', 'inbound_nodes': [{'args': [{'class_name': '__keras_tensor__', 'config': {'shape': [None, 112, 112, 16], 'dtype': 'float32', 'keras_history': ['h_swish', 0, 0]}}], 'kwargs': {}}]}, {'module': 'model', 'class_name': 'Block', 'config': {'in_channels': 16, 'out_channels': 24, 'kernel_size': 3, 'stride': 2, 'expansion_factor': 4, 'se_ratio': 0, 'activation': 'relu', 'trainable': True, 'dtype': {'module': 'keras', 'class_name': 'DTypePolicy', 'config': {'name': 'float32'}, 'registered_name': None, 'shared_object_id': 5834852544}}, 'registered_name': 'Block', 'build_config': {'input_shape': [None, 56, 56, 16]}, 'name': 'block_1', 'inbound_nodes': [{'args': [{'class_name': '__keras_tensor__', 'config': {'shape': [None, 56, 56, 16], 'dtype': 'float32', 'keras_history': ['block', 0, 0]}}], 'kwargs': {}}]}, {'module': 'model', 'class_name': 'Block', 'config': {'in_channels': 24, 'out_channels': 24, 'kernel_size': 3, 'stride': 1, 'expansion_factor': 4, 'se_ratio': 0, 'activation': 'relu', 'trainable': True, 'dtype': {'module': 'keras', 'class_name': 'DTypePolicy', 'config': {'name': 'float32'}, 'registered_name': None, 'shared_object_id': 5834852544}}, 'registered_name': 'Block', 'build_config': {'input_shape': [None, 28, 28, 24]}, 'name': 'block_2', 'inbound_nodes': [{'args': [{'class_name': '__keras_tensor__', 'config': {'shape': [None, 28, 28, 24], 'dtype': 'float32', 'keras_history': ['block_1', 0, 0]}}], 'kwargs': {}}]}, {'module': 'model', 'class_name': 'Block', 'config': {'in_channels': 24, 'out_channels': 40, 'kernel_size': 5, 'stride': 2, 'expansion_factor': 4, 'se_ratio': 1, 'activation': 'hswish', 'trainable': True, 'dtype': {'module': 'keras', 'class_name': 'DTypePolicy', 'config': {'name': 'float32'}, 'registered_name': None, 'shared_object_id': 5834852544}}, 'registered_name': 'Block', 'build_config': {'input_shape': [None, 28, 28, 24]}, 'name': 'block_3', 'inbound_nodes': [{'args': [{'class_name': '__keras_tensor__', 'config': {'shape': [None, 28, 28, 24], 'dtype': 'float32', 'keras_history': ['block_2', 0, 0]}}], 'kwargs': {}}]}, {'module': 'model', 'class_name': 'Block', 'config': {'in_channels': 40, 'out_channels': 40, 'kernel_size': 5, 'stride': 1, 'expansion_factor': 6, 'se_ratio': 1, 'activation': 'hswish', 'trainable': True, 'dtype': {'module': 'keras', 'class_name': 'DTypePolicy', 'config': {'name': 'float32'}, 'registered_name': None, 'shared_object_id': 5834852544}}, 'registered_name': 'Block', 'build_config': {'input_shape': [None, 14, 14, 40]}, 'name': 'block_4', 'inbound_nodes': [{'args': [{'class_name': '__keras_tensor__', 'config': {'shape': [None, 14, 14, 40], 'dtype': 'float32', 'keras_history': ['block_3', 0, 0]}}], 'kwargs': {}}]}, {'module': 'model', 'class_name': 'Block', 'config': {'in_channels': 40, 'out_channels': 40, 'kernel_size': 5, 'stride': 1, 'expansion_factor': 6, 'se_ratio': 1, 'activation': 'hswish', 'trainable': True, 'dtype': {'module': 'keras', 'class_name': 'DTypePolicy', 'config': {'name': 'float32'}, 'registered_name': None, 'shared_object_id': 5834852544}}, 'registered_name': 'Block', 'build_config': {'input_shape': [None, 14, 14, 40]}, 'name': 'block_5', 'inbound_nodes': [{'args': [{'class_name': '__keras_tensor__', 'config': {'shape': [None, 14, 14, 40], 'dtype': 'float32', 'keras_history': ['block_4', 0, 0]}}], 'kwargs': {}}]}, {'module': 'model', 'class_name': 'Block', 'config': {'in_channels': 40, 'out_channels': 48, 'kernel_size': 5, 'stride': 1, 'expansion_factor': 3, 'se_ratio': 1, 'activation': 'hswish', 'trainable': True, 'dtype': {'module': 'keras', 'class_name': 'DTypePolicy', 'config': {'name': 'float32'}, 'registered_name': None, 'shared_object_id': 5834852544}}, 'registered_name': 'Block', 'build_config': {'input_shape': [None, 14, 14, 40]}, 'name': 'block_6', 'inbound_nodes': [{'args': [{'class_name': '__keras_tensor__', 'config': {'shape': [None, 14, 14, 40], 'dtype': 'float32', 'keras_history': ['block_5', 0, 0]}}], 'kwargs': {}}]}, {'module': 'model', 'class_name': 'Block', 'config': {'in_channels': 48, 'out_channels': 48, 'kernel_size': 5, 'stride': 1, 'expansion_factor': 3, 'se_ratio': 1, 'activation': 'hswish', 'trainable': True, 'dtype': {'module': 'keras', 'class_name': 'DTypePolicy', 'config': {'name': 'float32'}, 'registered_name': None, 'shared_object_id': 5834852544}}, 'registered_name': 'Block', 'build_config': {'input_shape': [None, 14, 14, 48]}, 'name': 'block_7', 'inbound_nodes': [{'args': [{'class_name': '__keras_tensor__', 'config': {'shape': [None, 14, 14, 48], 'dtype': 'float32', 'keras_history': ['block_6', 0, 0]}}], 'kwargs': {}}]}, {'module': 'model', 'class_name': 'Block', 'config': {'in_channels': 48, 'out_channels': 96, 'kernel_size': 5, 'stride': 2, 'expansion_factor': 6, 'se_ratio': 1, 'activation': 'hswish', 'trainable': True, 'dtype': {'module': 'keras', 'class_name': 'DTypePolicy', 'config': {'name': 'float32'}, 'registered_name': None, 'shared_object_id': 5834852544}}, 'registered_name': 'Block', 'build_config': {'input_shape': [None, 14, 14, 48]}, 'name': 'block_8', 'inbound_nodes': [{'args': [{'class_name': '__keras_tensor__', 'config': {'shape': [None, 14, 14, 48], 'dtype': 'float32', 'keras_history': ['block_7', 0, 0]}}], 'kwargs': {}}]}, {'module': 'model', 'class_name': 'Block', 'config': {'in_channels': 96, 'out_channels': 96, 'kernel_size': 5, 'stride': 1, 'expansion_factor': 6, 'se_ratio': 1, 'activation': 'hswish', 'trainable': True, 'dtype': {'module': 'keras', 'class_name': 'DTypePolicy', 'config': {'name': 'float32'}, 'registered_name': None, 'shared_object_id': 5834852544}}, 'registered_name': 'Block', 'build_config': {'input_shape': [None, 7, 7, 96]}, 'name': 'block_9', 'inbound_nodes': [{'args': [{'class_name': '__keras_tensor__', 'config': {'shape': [None, 7, 7, 96], 'dtype': 'float32', 'keras_history': ['block_8', 0, 0]}}], 'kwargs': {}}]}, {'module': 'model', 'class_name': 'Block', 'config': {'in_channels': 96, 'out_channels': 96, 'kernel_size': 5, 'stride': 1, 'expansion_factor': 6, 'se_ratio': 1, 'activation': 'hswish', 'trainable': True, 'dtype': {'module': 'keras', 'class_name': 'DTypePolicy', 'config': {'name': 'float32'}, 'registered_name': None, 'shared_object_id': 5834852544}}, 'registered_name': 'Block', 'build_config': {'input_shape': [None, 7, 7, 96]}, 'name': 'block_10', 'inbound_nodes': [{'args': [{'class_name': '__keras_tensor__', 'config': {'shape': [None, 7, 7, 96], 'dtype': 'float32', 'keras_history': ['block_9', 0, 0]}}], 'kwargs': {}}]}, {'module': 'keras.layers', 'class_name': 'Conv2D', 'config': {'name': 'conv2d_27', 'trainable': True, 'dtype': {'module': 'keras', 'class_name': 'DTypePolicy', 'config': {'name': 'float32'}, 'registered_name': None, 'shared_object_id': 5834852544}, 'filters': 96, 'kernel_size': [3, 3], 'strides': [1, 1], 'padding': 'same', 'data_format': 'channels_last', 'dilation_rate': [1, 1], 'groups': 1, 'activation': 'linear', 'use_bias': False, 'kernel_initializer': {'module': 'keras.initializers', 'class_name': 'RandomNormal', 'config': {'mean': 0.0, 'stddev': 0.01, 'seed': None}, 'registered_name': None}, 'bias_initializer': {'module': 'keras.initializers', 'class_name': 'Zeros', 'config': {}, 'registered_name': None}, 'kernel_regularizer': None, 'bias_regularizer': None, 'activity_regularizer': None, 'kernel_constraint': None, 'bias_constraint': None}, 'registered_name': None, 'build_config': {'input_shape': [None, 7, 7, 96]}, 'name': 'conv2d_27', 'inbound_nodes': [{'args': [{'class_name': '__keras_tensor__', 'config': {'shape': [None, 7, 7, 96], 'dtype': 'float32', 'keras_history': ['block_10', 0, 0]}}], 'kwargs': {}}]}, {'module': 'keras.layers', 'class_name': 'BatchNormalization', 'config': {'name': 'batch_normalization_38', 'trainable': True, 'dtype': {'module': 'keras', 'class_name': 'DTypePolicy', 'config': {'name': 'float32'}, 'registered_name': None, 'shared_object_id': 5834852544}, 'axis': -1, 'momentum': 0.99, 'epsilon': 0.001, 'center': True, 'scale': True, 'beta_initializer': 'zeros', 'gamma_initializer': 'ones', 'moving_mean_initializer': {'module': 'keras.initializers', 'class_name': 'Zeros', 'config': {}, 'registered_name': None}, 'moving_variance_initializer': {'module': 'keras.initializers', 'class_name': 'Ones', 'config': {}, 'registered_name': None}, 'beta_regularizer': None, 'gamma_regularizer': None, 'beta_constraint': None, 'gamma_constraint': None, 'synchronized': False}, 'registered_name': None, 'build_config': {'input_shape': [None, 7, 7, 96]}, 'name': 'batch_normalization_38', 'inbound_nodes': [{'args': [{'class_name': '__keras_tensor__', 'config': {'shape': [None, 7, 7, 96], 'dtype': 'float32', 'keras_history': ['conv2d_27', 0, 0]}}], 'kwargs': {'mask': None}}]}, {'module': 'model', 'class_name': 'HSwish', 'config': {'name': 'h_swish_17', 'trainable': True, 'dtype': {'module': 'keras', 'class_name': 'DTypePolicy', 'config': {'name': 'float32'}, 'registered_name': None, 'shared_object_id': 5834852544}}, 'registered_name': 'HSwish', 'build_config': {'input_shape': [None, 7, 7, 96]}, 'name': 'h_swish_17', 'inbound_nodes': [{'args': [{'class_name': '__keras_tensor__', 'config': {'shape': [None, 7, 7, 96], 'dtype': 'float32', 'keras_history': ['batch_normalization_38', 0, 0]}}], 'kwargs': {}}]}, {'module': 'keras.layers', 'class_name': 'Conv2D', 'config': {'name': 'conv2d_28', 'trainable': True, 'dtype': {'module': 'keras', 'class_name': 'DTypePolicy', 'config': {'name': 'float32'}, 'registered_name': None, 'shared_object_id': 5834852544}, 'filters': 576, 'kernel_size': [1, 1], 'strides': [1, 1], 'padding': 'valid', 'data_format': 'channels_last', 'dilation_rate': [1, 1], 'groups': 1, 'activation': 'linear', 'use_bias': True, 'kernel_initializer': {'module': 'keras.initializers', 'class_name': 'RandomNormal', 'config': {'mean': 0.0, 'stddev': 0.01, 'seed': None}, 'registered_name': None}, 'bias_initializer': 'zeros', 'kernel_regularizer': None, 'bias_regularizer': None, 'activity_regularizer': None, 'kernel_constraint': None, 'bias_constraint': None}, 'registered_name': None, 'build_config': {'input_shape': [None, 7, 7, 96]}, 'name': 'conv2d_28', 'inbound_nodes': [{'args': [{'class_name': '__keras_tensor__', 'config': {'shape': [None, 7, 7, 96], 'dtype': 'float32', 'keras_history': ['h_swish_17', 0, 0]}}], 'kwargs': {}}]}, {'module': 'keras.layers', 'class_name': 'GlobalAveragePooling2D', 'config': {'name': 'global_average_pooling2d', 'trainable': True, 'dtype': {'module': 'keras', 'class_name': 'DTypePolicy', 'config': {'name': 'float32'}, 'registered_name': None, 'shared_object_id': 5834852544}, 'data_format': 'channels_last', 'keepdims': False}, 'registered_name': None, 'build_config': {'input_shape': [None, 7, 7, 576]}, 'name': 'global_average_pooling2d', 'inbound_nodes': [{'args': [{'class_name': '__keras_tensor__', 'config': {'shape': [None, 7, 7, 576], 'dtype': 'float32', 'keras_history': ['conv2d_28', 0, 0]}}], 'kwargs': {}}]}, {'module': 'keras.layers', 'class_name': 'Dropout', 'config': {'name': 'dropout', 'trainable': True, 'dtype': {'module': 'keras', 'class_name': 'DTypePolicy', 'config': {'name': 'float32'}, 'registered_name': None, 'shared_object_id': 5834852544}, 'rate': 0.5, 'seed': None, 'noise_shape': None}, 'registered_name': None, 'build_config': {'input_shape': [None, 576]}, 'name': 'dropout', 'inbound_nodes': [{'args': [{'class_name': '__keras_tensor__', 'config': {'shape': [None, 576], 'dtype': 'float32', 'keras_history': ['global_average_pooling2d', 0, 0]}}], 'kwargs': {'training': False}}]}, {'module': 'keras.layers', 'class_name': 'Dense', 'config': {'name': 'dense_16', 'trainable': True, 'dtype': {'module': 'keras', 'class_name': 'DTypePolicy', 'config': {'name': 'float32'}, 'registered_name': None, 'shared_object_id': 5834852544}, 'units': 1280, 'activation': 'relu', 'use_bias': True, 'kernel_initializer': {'module': 'keras.initializers', 'class_name': 'RandomNormal', 'config': {'mean': 0.0, 'stddev': 0.01, 'seed': None}, 'registered_name': None}, 'bias_initializer': 'zeros', 'kernel_regularizer': None, 'bias_regularizer': None, 'kernel_constraint': None, 'bias_constraint': None}, 'registered_name': None, 'build_config': {'input_shape': [None, 576]}, 'name': 'dense_16', 'inbound_nodes': [{'args': [{'class_name': '__keras_tensor__', 'config': {'shape': [None, 576], 'dtype': 'float32', 'keras_history': ['dropout', 0, 0]}}], 'kwargs': {}}]}, {'module': 'keras.layers', 'class_name': 'Dropout', 'config': {'name': 'dropout_1', 'trainable': True, 'dtype': {'module': 'keras', 'class_name': 'DTypePolicy', 'config': {'name': 'float32'}, 'registered_name': None, 'shared_object_id': 5834852544}, 'rate': 0.2, 'seed': None, 'noise_shape': None}, 'registered_name': None, 'build_config': {'input_shape': [None, 1280]}, 'name': 'dropout_1', 'inbound_nodes': [{'args': [{'class_name': '__keras_tensor__', 'config': {'shape': [None, 1280], 'dtype': 'float32', 'keras_history': ['dense_16', 0, 0]}}], 'kwargs': {'training': False}}]}, {'module': 'keras.layers', 'class_name': 'Dense', 'config': {'name': 'dense_17', 'trainable': True, 'dtype': {'module': 'keras', 'class_name': 'DTypePolicy', 'config': {'name': 'float32'}, 'registered_name': None, 'shared_object_id': 5834852544}, 'units': 1, 'activation': 'linear', 'use_bias': True, 'kernel_initializer': {'module': 'keras.initializers', 'class_name': 'RandomNormal', 'config': {'mean': 0.0, 'stddev': 0.01, 'seed': None}, 'registered_name': None}, 'bias_initializer': 'zeros', 'kernel_regularizer': None, 'bias_regularizer': None, 'kernel_constraint': None, 'bias_constraint': None}, 'registered_name': None, 'build_config': {'input_shape': [None, 1280]}, 'name': 'dense_17', 'inbound_nodes': [{'args': [{'class_name': '__keras_tensor__', 'config': {'shape': [None, 1280], 'dtype': 'float32', 'keras_history': ['dropout_1', 0, 0]}}], 'kwargs': {}}]}, {'module': 'keras.layers', 'class_name': 'Activation', 'config': {'name': 'activation', 'trainable': True, 'dtype': {'module': 'keras', 'class_name': 'DTypePolicy', 'config': {'name': 'float32'}, 'registered_name': None, 'shared_object_id': 5834852544}, 'activation': 'sigmoid'}, 'registered_name': None, 'build_config': {'input_shape': [None, 1]}, 'name': 'activation', 'inbound_nodes': [{'args': [{'class_name': '__keras_tensor__', 'config': {'shape': [None, 1], 'dtype': 'float32', 'keras_history': ['dense_17', 0, 0]}}], 'kwargs': {}}]}], 'input_layers': [['input_layer', 0, 0]], 'output_layers': [['activation', 0, 0]]}, 'registered_name': 'Functional', 'build_config': {'input_shape': None}, 'compile_config': {'optimizer': {'module': 'keras.optimizers', 'class_name': 'Adam', 'config': {'name': 'adam', 'learning_rate': 0.0010000000474974513, 'weight_decay': None, 'clipnorm': None, 'global_clipnorm': None, 'clipvalue': None, 'use_ema': False, 'ema_momentum': 0.99, 'ema_overwrite_frequency': None, 'loss_scale_factor': None, 'gradient_accumulation_steps': None, 'beta_1': 0.9, 'beta_2': 0.999, 'epsilon': 1e-07, 'amsgrad': False}, 'registered_name': None}, 'loss': {'module': 'keras.losses', 'class_name': 'BinaryCrossentropy', 'config': {'name': 'binary_crossentropy', 'reduction': 'sum_over_batch_size', 'from_logits': False, 'label_smoothing': 0.0, 'axis': -1}, 'registered_name': None}, 'loss_weights': None, 'metrics': ['binary_accuracy'], 'weighted_metrics': None, 'run_eagerly': False, 'steps_per_execution': 1, 'jit_compile': False}}.

Exception encountered: <class 'model.Block'> could not be deserialized properly. Please ensure that components that are Python object instances (layers, models, etc.) returned by `get_config()` are explicitly deserialized in the model's `from_config()` method.

config={'module': 'model', 'class_name': 'Block', 'config': {'in_channels': 16, 'out_channels': 16, 'kernel_size': 3, 'stride': 2, 'expansion_factor': 1, 'se_ratio': 0, 'activation': 'relu', 'trainable': True, 'dtype': {'module': 'keras', 'class_name': 'DTypePolicy', 'config': {'name': 'float32'}, 'registered_name': None, 'shared_object_id': 5834852544}}, 'registered_name': 'Block', 'build_config': {'input_shape': [None, 112, 112, 16]}, 'name': 'block', 'inbound_nodes': [{'args': [{'class_name': '__keras_tensor__', 'config': {'shape': [None, 112, 112, 16], 'dtype': 'float32', 'keras_history': ['h_swish', 0, 0]}}], 'kwargs': {}}]}.

Exception encountered: Error when deserializing class 'Block' using config={'in_channels': 16, 'out_channels': 16, 'kernel_size': 3, 'stride': 2, 'expansion_factor': 1, 'se_ratio': 0, 'activation': 'relu', 'trainable': True, 'dtype': 'float32'}.

Exception encountered: Block.__init__() got an unexpected keyword argument 'trainable'
Traceback (most recent call last):
  File "/opt/anaconda3/envs/cvproj/lib/python3.12/site-packages/keras/src/ops/operation.py", line 234, in from_config
    return cls(**config)
           ^^^^^^^^^^^^^
TypeError: Block.__init__() got an unexpected keyword argument 'trainable'

During handling of the above exception, another exception occurred:

Traceback (most recent call last):
  File "/opt/anaconda3/envs/cvproj/lib/python3.12/site-packages/keras/src/saving/serialization_lib.py", line 718, in deserialize_keras_object
    instance = cls.from_config(inner_config)
               ^^^^^^^^^^^^^^^^^^^^^^^^^^^^^
  File "/opt/anaconda3/envs/cvproj/lib/python3.12/site-packages/keras/src/ops/operation.py", line 236, in from_config
    raise TypeError(
TypeError: Error when deserializing class 'Block' using config={'in_channels': 16, 'out_channels': 16, 'kernel_size': 3, 'stride': 2, 'expansion_factor': 1, 'se_ratio': 0, 'activation': 'relu', 'trainable': True, 'dtype': 'float32'}.

Exception encountered: Block.__init__() got an unexpected keyword argument 'trainable'

During handling of the above exception, another exception occurred:

Traceback (most recent call last):
  File "/opt/anaconda3/envs/cvproj/lib/python3.12/site-packages/keras/src/saving/serialization_lib.py", line 718, in deserialize_keras_object
    instance = cls.from_config(inner_config)
               ^^^^^^^^^^^^^^^^^^^^^^^^^^^^^
  File "/opt/anaconda3/envs/cvproj/lib/python3.12/site-packages/keras/src/models/model.py", line 521, in from_config
    return functional_from_config(
           ^^^^^^^^^^^^^^^^^^^^^^^
  File "/opt/anaconda3/envs/cvproj/lib/python3.12/site-packages/keras/src/models/functional.py", line 477, in functional_from_config
    process_layer(layer_data)
  File "/opt/anaconda3/envs/cvproj/lib/python3.12/site-packages/keras/src/models/functional.py", line 461, in process_layer
    layer = serialization_lib.deserialize_keras_object(
            ^^^^^^^^^^^^^^^^^^^^^^^^^^^^^^^^^^^^^^^^^^^
  File "/opt/anaconda3/envs/cvproj/lib/python3.12/site-packages/keras/src/saving/serialization_lib.py", line 720, in deserialize_keras_object
    raise TypeError(
TypeError: <class 'model.Block'> could not be deserialized properly. Please ensure that components that are Python object instances (layers, models, etc.) returned by `get_config()` are explicitly deserialized in the model's `from_config()` method.

config={'module': 'model', 'class_name': 'Block', 'config': {'in_channels': 16, 'out_channels': 16, 'kernel_size': 3, 'stride': 2, 'expansion_factor': 1, 'se_ratio': 0, 'activation': 'relu', 'trainable': True, 'dtype': {'module': 'keras', 'class_name': 'DTypePolicy', 'config': {'name': 'float32'}, 'registered_name': None, 'shared_object_id': 5834852544}}, 'registered_name': 'Block', 'build_config': {'input_shape': [None, 112, 112, 16]}, 'name': 'block', 'inbound_nodes': [{'args': [{'class_name': '__keras_tensor__', 'config': {'shape': [None, 112, 112, 16], 'dtype': 'float32', 'keras_history': ['h_swish', 0, 0]}}], 'kwargs': {}}]}.

Exception encountered: Error when deserializing class 'Block' using config={'in_channels': 16, 'out_channels': 16, 'kernel_size': 3, 'stride': 2, 'expansion_factor': 1, 'se_ratio': 0, 'activation': 'relu', 'trainable': True, 'dtype': 'float32'}.

Exception encountered: Block.__init__() got an unexpected keyword argument 'trainable'

During handling of the above exception, another exception occurred:

Traceback (most recent call last):
  File "/Users/francesco/Repository/computer_vision_project/tensorflow/test.py", line 167, in main
    model = tf.keras.models.load_model(TestConfig.MODEL_PATH)
            ^^^^^^^^^^^^^^^^^^^^^^^^^^^^^^^^^^^^^^^^^^^^^^^^^
  File "/opt/anaconda3/envs/cvproj/lib/python3.12/site-packages/keras/src/saving/saving_api.py", line 182, in load_model
    return saving_lib.load_model(
           ^^^^^^^^^^^^^^^^^^^^^^
  File "/opt/anaconda3/envs/cvproj/lib/python3.12/site-packages/keras/src/saving/saving_lib.py", line 237, in load_model
    return _load_model_from_fileobj(
           ^^^^^^^^^^^^^^^^^^^^^^^^^
  File "/opt/anaconda3/envs/cvproj/lib/python3.12/site-packages/keras/src/saving/saving_lib.py", line 314, in _load_model_from_fileobj
    model = _model_from_config(
            ^^^^^^^^^^^^^^^^^^^
  File "/opt/anaconda3/envs/cvproj/lib/python3.12/site-packages/keras/src/saving/saving_lib.py", line 303, in _model_from_config
    model = deserialize_keras_object(
            ^^^^^^^^^^^^^^^^^^^^^^^^^
  File "/opt/anaconda3/envs/cvproj/lib/python3.12/site-packages/keras/src/saving/serialization_lib.py", line 720, in deserialize_keras_object
    raise TypeError(
TypeError: <class 'keras.src.models.functional.Functional'> could not be deserialized properly. Please ensure that components that are Python object instances (layers, models, etc.) returned by `get_config()` are explicitly deserialized in the model's `from_config()` method.

config={'module': 'keras.src.models.functional', 'class_name': 'Functional', 'config': {'name': 'functional_45', 'trainable': True, 'layers': [{'module': 'keras.layers', 'class_name': 'InputLayer', 'config': {'batch_shape': [None, 224, 224, 3], 'dtype': 'float32', 'sparse': False, 'name': 'input_layer'}, 'registered_name': None, 'name': 'input_layer', 'inbound_nodes': []}, {'module': 'keras.layers', 'class_name': 'Conv2D', 'config': {'name': 'conv2d', 'trainable': True, 'dtype': {'module': 'keras', 'class_name': 'DTypePolicy', 'config': {'name': 'float32'}, 'registered_name': None}, 'filters': 16, 'kernel_size': [3, 3], 'strides': [2, 2], 'padding': 'same', 'data_format': 'channels_last', 'dilation_rate': [1, 1], 'groups': 1, 'activation': 'linear', 'use_bias': False, 'kernel_initializer': {'module': 'keras.initializers', 'class_name': 'RandomNormal', 'config': {'mean': 0.0, 'stddev': 0.01, 'seed': None}, 'registered_name': None}, 'bias_initializer': {'module': 'keras.initializers', 'class_name': 'Zeros', 'config': {}, 'registered_name': None}, 'kernel_regularizer': None, 'bias_regularizer': None, 'activity_regularizer': None, 'kernel_constraint': None, 'bias_constraint': None}, 'registered_name': None, 'build_config': {'input_shape': [None, 224, 224, 3]}, 'name': 'conv2d', 'inbound_nodes': [{'args': [{'class_name': '__keras_tensor__', 'config': {'shape': [None, 224, 224, 3], 'dtype': 'float32', 'keras_history': ['input_layer', 0, 0]}}], 'kwargs': {}}]}, {'module': 'keras.layers', 'class_name': 'BatchNormalization', 'config': {'name': 'batch_normalization', 'trainable': True, 'dtype': {'module': 'keras', 'class_name': 'DTypePolicy', 'config': {'name': 'float32'}, 'registered_name': None, 'shared_object_id': 5834852544}, 'axis': -1, 'momentum': 0.99, 'epsilon': 0.001, 'center': True, 'scale': True, 'beta_initializer': 'zeros', 'gamma_initializer': 'ones', 'moving_mean_initializer': {'module': 'keras.initializers', 'class_name': 'Zeros', 'config': {}, 'registered_name': None}, 'moving_variance_initializer': {'module': 'keras.initializers', 'class_name': 'Ones', 'config': {}, 'registered_name': None}, 'beta_regularizer': None, 'gamma_regularizer': None, 'beta_constraint': None, 'gamma_constraint': None, 'synchronized': False}, 'registered_name': None, 'build_config': {'input_shape': [None, 112, 112, 16]}, 'name': 'batch_normalization', 'inbound_nodes': [{'args': [{'class_name': '__keras_tensor__', 'config': {'shape': [None, 112, 112, 16], 'dtype': 'float32', 'keras_history': ['conv2d', 0, 0]}}], 'kwargs': {'mask': None}}]}, {'module': 'model', 'class_name': 'HSwish', 'config': {'name': 'h_swish', 'trainable': True, 'dtype': {'module': 'keras', 'class_name': 'DTypePolicy', 'config': {'name': 'float32'}, 'registered_name': None, 'shared_object_id': 5834852544}}, 'registered_name': 'HSwish', 'build_config': {'input_shape': [None, 112, 112, 16]}, 'name': 'h_swish', 'inbound_nodes': [{'args': [{'class_name': '__keras_tensor__', 'config': {'shape': [None, 112, 112, 16], 'dtype': 'float32', 'keras_history': ['batch_normalization', 0, 0]}}], 'kwargs': {}}]}, {'module': 'model', 'class_name': 'Block', 'config': {'in_channels': 16, 'out_channels': 16, 'kernel_size': 3, 'stride': 2, 'expansion_factor': 1, 'se_ratio': 0, 'activation': 'relu', 'trainable': True, 'dtype': {'module': 'keras', 'class_name': 'DTypePolicy', 'config': {'name': 'float32'}, 'registered_name': None, 'shared_object_id': 5834852544}}, 'registered_name': 'Block', 'build_config': {'input_shape': [None, 112, 112, 16]}, 'name': 'block', 'inbound_nodes': [{'args': [{'class_name': '__keras_tensor__', 'config': {'shape': [None, 112, 112, 16], 'dtype': 'float32', 'keras_history': ['h_swish', 0, 0]}}], 'kwargs': {}}]}, {'module': 'model', 'class_name': 'Block', 'config': {'in_channels': 16, 'out_channels': 24, 'kernel_size': 3, 'stride': 2, 'expansion_factor': 4, 'se_ratio': 0, 'activation': 'relu', 'trainable': True, 'dtype': {'module': 'keras', 'class_name': 'DTypePolicy', 'config': {'name': 'float32'}, 'registered_name': None, 'shared_object_id': 5834852544}}, 'registered_name': 'Block', 'build_config': {'input_shape': [None, 56, 56, 16]}, 'name': 'block_1', 'inbound_nodes': [{'args': [{'class_name': '__keras_tensor__', 'config': {'shape': [None, 56, 56, 16], 'dtype': 'float32', 'keras_history': ['block', 0, 0]}}], 'kwargs': {}}]}, {'module': 'model', 'class_name': 'Block', 'config': {'in_channels': 24, 'out_channels': 24, 'kernel_size': 3, 'stride': 1, 'expansion_factor': 4, 'se_ratio': 0, 'activation': 'relu', 'trainable': True, 'dtype': {'module': 'keras', 'class_name': 'DTypePolicy', 'config': {'name': 'float32'}, 'registered_name': None, 'shared_object_id': 5834852544}}, 'registered_name': 'Block', 'build_config': {'input_shape': [None, 28, 28, 24]}, 'name': 'block_2', 'inbound_nodes': [{'args': [{'class_name': '__keras_tensor__', 'config': {'shape': [None, 28, 28, 24], 'dtype': 'float32', 'keras_history': ['block_1', 0, 0]}}], 'kwargs': {}}]}, {'module': 'model', 'class_name': 'Block', 'config': {'in_channels': 24, 'out_channels': 40, 'kernel_size': 5, 'stride': 2, 'expansion_factor': 4, 'se_ratio': 1, 'activation': 'hswish', 'trainable': True, 'dtype': {'module': 'keras', 'class_name': 'DTypePolicy', 'config': {'name': 'float32'}, 'registered_name': None, 'shared_object_id': 5834852544}}, 'registered_name': 'Block', 'build_config': {'input_shape': [None, 28, 28, 24]}, 'name': 'block_3', 'inbound_nodes': [{'args': [{'class_name': '__keras_tensor__', 'config': {'shape': [None, 28, 28, 24], 'dtype': 'float32', 'keras_history': ['block_2', 0, 0]}}], 'kwargs': {}}]}, {'module': 'model', 'class_name': 'Block', 'config': {'in_channels': 40, 'out_channels': 40, 'kernel_size': 5, 'stride': 1, 'expansion_factor': 6, 'se_ratio': 1, 'activation': 'hswish', 'trainable': True, 'dtype': {'module': 'keras', 'class_name': 'DTypePolicy', 'config': {'name': 'float32'}, 'registered_name': None, 'shared_object_id': 5834852544}}, 'registered_name': 'Block', 'build_config': {'input_shape': [None, 14, 14, 40]}, 'name': 'block_4', 'inbound_nodes': [{'args': [{'class_name': '__keras_tensor__', 'config': {'shape': [None, 14, 14, 40], 'dtype': 'float32', 'keras_history': ['block_3', 0, 0]}}], 'kwargs': {}}]}, {'module': 'model', 'class_name': 'Block', 'config': {'in_channels': 40, 'out_channels': 40, 'kernel_size': 5, 'stride': 1, 'expansion_factor': 6, 'se_ratio': 1, 'activation': 'hswish', 'trainable': True, 'dtype': {'module': 'keras', 'class_name': 'DTypePolicy', 'config': {'name': 'float32'}, 'registered_name': None, 'shared_object_id': 5834852544}}, 'registered_name': 'Block', 'build_config': {'input_shape': [None, 14, 14, 40]}, 'name': 'block_5', 'inbound_nodes': [{'args': [{'class_name': '__keras_tensor__', 'config': {'shape': [None, 14, 14, 40], 'dtype': 'float32', 'keras_history': ['block_4', 0, 0]}}], 'kwargs': {}}]}, {'module': 'model', 'class_name': 'Block', 'config': {'in_channels': 40, 'out_channels': 48, 'kernel_size': 5, 'stride': 1, 'expansion_factor': 3, 'se_ratio': 1, 'activation': 'hswish', 'trainable': True, 'dtype': {'module': 'keras', 'class_name': 'DTypePolicy', 'config': {'name': 'float32'}, 'registered_name': None, 'shared_object_id': 5834852544}}, 'registered_name': 'Block', 'build_config': {'input_shape': [None, 14, 14, 40]}, 'name': 'block_6', 'inbound_nodes': [{'args': [{'class_name': '__keras_tensor__', 'config': {'shape': [None, 14, 14, 40], 'dtype': 'float32', 'keras_history': ['block_5', 0, 0]}}], 'kwargs': {}}]}, {'module': 'model', 'class_name': 'Block', 'config': {'in_channels': 48, 'out_channels': 48, 'kernel_size': 5, 'stride': 1, 'expansion_factor': 3, 'se_ratio': 1, 'activation': 'hswish', 'trainable': True, 'dtype': {'module': 'keras', 'class_name': 'DTypePolicy', 'config': {'name': 'float32'}, 'registered_name': None, 'shared_object_id': 5834852544}}, 'registered_name': 'Block', 'build_config': {'input_shape': [None, 14, 14, 48]}, 'name': 'block_7', 'inbound_nodes': [{'args': [{'class_name': '__keras_tensor__', 'config': {'shape': [None, 14, 14, 48], 'dtype': 'float32', 'keras_history': ['block_6', 0, 0]}}], 'kwargs': {}}]}, {'module': 'model', 'class_name': 'Block', 'config': {'in_channels': 48, 'out_channels': 96, 'kernel_size': 5, 'stride': 2, 'expansion_factor': 6, 'se_ratio': 1, 'activation': 'hswish', 'trainable': True, 'dtype': {'module': 'keras', 'class_name': 'DTypePolicy', 'config': {'name': 'float32'}, 'registered_name': None, 'shared_object_id': 5834852544}}, 'registered_name': 'Block', 'build_config': {'input_shape': [None, 14, 14, 48]}, 'name': 'block_8', 'inbound_nodes': [{'args': [{'class_name': '__keras_tensor__', 'config': {'shape': [None, 14, 14, 48], 'dtype': 'float32', 'keras_history': ['block_7', 0, 0]}}], 'kwargs': {}}]}, {'module': 'model', 'class_name': 'Block', 'config': {'in_channels': 96, 'out_channels': 96, 'kernel_size': 5, 'stride': 1, 'expansion_factor': 6, 'se_ratio': 1, 'activation': 'hswish', 'trainable': True, 'dtype': {'module': 'keras', 'class_name': 'DTypePolicy', 'config': {'name': 'float32'}, 'registered_name': None, 'shared_object_id': 5834852544}}, 'registered_name': 'Block', 'build_config': {'input_shape': [None, 7, 7, 96]}, 'name': 'block_9', 'inbound_nodes': [{'args': [{'class_name': '__keras_tensor__', 'config': {'shape': [None, 7, 7, 96], 'dtype': 'float32', 'keras_history': ['block_8', 0, 0]}}], 'kwargs': {}}]}, {'module': 'model', 'class_name': 'Block', 'config': {'in_channels': 96, 'out_channels': 96, 'kernel_size': 5, 'stride': 1, 'expansion_factor': 6, 'se_ratio': 1, 'activation': 'hswish', 'trainable': True, 'dtype': {'module': 'keras', 'class_name': 'DTypePolicy', 'config': {'name': 'float32'}, 'registered_name': None, 'shared_object_id': 5834852544}}, 'registered_name': 'Block', 'build_config': {'input_shape': [None, 7, 7, 96]}, 'name': 'block_10', 'inbound_nodes': [{'args': [{'class_name': '__keras_tensor__', 'config': {'shape': [None, 7, 7, 96], 'dtype': 'float32', 'keras_history': ['block_9', 0, 0]}}], 'kwargs': {}}]}, {'module': 'keras.layers', 'class_name': 'Conv2D', 'config': {'name': 'conv2d_27', 'trainable': True, 'dtype': {'module': 'keras', 'class_name': 'DTypePolicy', 'config': {'name': 'float32'}, 'registered_name': None, 'shared_object_id': 5834852544}, 'filters': 96, 'kernel_size': [3, 3], 'strides': [1, 1], 'padding': 'same', 'data_format': 'channels_last', 'dilation_rate': [1, 1], 'groups': 1, 'activation': 'linear', 'use_bias': False, 'kernel_initializer': {'module': 'keras.initializers', 'class_name': 'RandomNormal', 'config': {'mean': 0.0, 'stddev': 0.01, 'seed': None}, 'registered_name': None}, 'bias_initializer': {'module': 'keras.initializers', 'class_name': 'Zeros', 'config': {}, 'registered_name': None}, 'kernel_regularizer': None, 'bias_regularizer': None, 'activity_regularizer': None, 'kernel_constraint': None, 'bias_constraint': None}, 'registered_name': None, 'build_config': {'input_shape': [None, 7, 7, 96]}, 'name': 'conv2d_27', 'inbound_nodes': [{'args': [{'class_name': '__keras_tensor__', 'config': {'shape': [None, 7, 7, 96], 'dtype': 'float32', 'keras_history': ['block_10', 0, 0]}}], 'kwargs': {}}]}, {'module': 'keras.layers', 'class_name': 'BatchNormalization', 'config': {'name': 'batch_normalization_38', 'trainable': True, 'dtype': {'module': 'keras', 'class_name': 'DTypePolicy', 'config': {'name': 'float32'}, 'registered_name': None, 'shared_object_id': 5834852544}, 'axis': -1, 'momentum': 0.99, 'epsilon': 0.001, 'center': True, 'scale': True, 'beta_initializer': 'zeros', 'gamma_initializer': 'ones', 'moving_mean_initializer': {'module': 'keras.initializers', 'class_name': 'Zeros', 'config': {}, 'registered_name': None}, 'moving_variance_initializer': {'module': 'keras.initializers', 'class_name': 'Ones', 'config': {}, 'registered_name': None}, 'beta_regularizer': None, 'gamma_regularizer': None, 'beta_constraint': None, 'gamma_constraint': None, 'synchronized': False}, 'registered_name': None, 'build_config': {'input_shape': [None, 7, 7, 96]}, 'name': 'batch_normalization_38', 'inbound_nodes': [{'args': [{'class_name': '__keras_tensor__', 'config': {'shape': [None, 7, 7, 96], 'dtype': 'float32', 'keras_history': ['conv2d_27', 0, 0]}}], 'kwargs': {'mask': None}}]}, {'module': 'model', 'class_name': 'HSwish', 'config': {'name': 'h_swish_17', 'trainable': True, 'dtype': {'module': 'keras', 'class_name': 'DTypePolicy', 'config': {'name': 'float32'}, 'registered_name': None, 'shared_object_id': 5834852544}}, 'registered_name': 'HSwish', 'build_config': {'input_shape': [None, 7, 7, 96]}, 'name': 'h_swish_17', 'inbound_nodes': [{'args': [{'class_name': '__keras_tensor__', 'config': {'shape': [None, 7, 7, 96], 'dtype': 'float32', 'keras_history': ['batch_normalization_38', 0, 0]}}], 'kwargs': {}}]}, {'module': 'keras.layers', 'class_name': 'Conv2D', 'config': {'name': 'conv2d_28', 'trainable': True, 'dtype': {'module': 'keras', 'class_name': 'DTypePolicy', 'config': {'name': 'float32'}, 'registered_name': None, 'shared_object_id': 5834852544}, 'filters': 576, 'kernel_size': [1, 1], 'strides': [1, 1], 'padding': 'valid', 'data_format': 'channels_last', 'dilation_rate': [1, 1], 'groups': 1, 'activation': 'linear', 'use_bias': True, 'kernel_initializer': {'module': 'keras.initializers', 'class_name': 'RandomNormal', 'config': {'mean': 0.0, 'stddev': 0.01, 'seed': None}, 'registered_name': None}, 'bias_initializer': 'zeros', 'kernel_regularizer': None, 'bias_regularizer': None, 'activity_regularizer': None, 'kernel_constraint': None, 'bias_constraint': None}, 'registered_name': None, 'build_config': {'input_shape': [None, 7, 7, 96]}, 'name': 'conv2d_28', 'inbound_nodes': [{'args': [{'class_name': '__keras_tensor__', 'config': {'shape': [None, 7, 7, 96], 'dtype': 'float32', 'keras_history': ['h_swish_17', 0, 0]}}], 'kwargs': {}}]}, {'module': 'keras.layers', 'class_name': 'GlobalAveragePooling2D', 'config': {'name': 'global_average_pooling2d', 'trainable': True, 'dtype': {'module': 'keras', 'class_name': 'DTypePolicy', 'config': {'name': 'float32'}, 'registered_name': None, 'shared_object_id': 5834852544}, 'data_format': 'channels_last', 'keepdims': False}, 'registered_name': None, 'build_config': {'input_shape': [None, 7, 7, 576]}, 'name': 'global_average_pooling2d', 'inbound_nodes': [{'args': [{'class_name': '__keras_tensor__', 'config': {'shape': [None, 7, 7, 576], 'dtype': 'float32', 'keras_history': ['conv2d_28', 0, 0]}}], 'kwargs': {}}]}, {'module': 'keras.layers', 'class_name': 'Dropout', 'config': {'name': 'dropout', 'trainable': True, 'dtype': {'module': 'keras', 'class_name': 'DTypePolicy', 'config': {'name': 'float32'}, 'registered_name': None, 'shared_object_id': 5834852544}, 'rate': 0.5, 'seed': None, 'noise_shape': None}, 'registered_name': None, 'build_config': {'input_shape': [None, 576]}, 'name': 'dropout', 'inbound_nodes': [{'args': [{'class_name': '__keras_tensor__', 'config': {'shape': [None, 576], 'dtype': 'float32', 'keras_history': ['global_average_pooling2d', 0, 0]}}], 'kwargs': {'training': False}}]}, {'module': 'keras.layers', 'class_name': 'Dense', 'config': {'name': 'dense_16', 'trainable': True, 'dtype': {'module': 'keras', 'class_name': 'DTypePolicy', 'config': {'name': 'float32'}, 'registered_name': None, 'shared_object_id': 5834852544}, 'units': 1280, 'activation': 'relu', 'use_bias': True, 'kernel_initializer': {'module': 'keras.initializers', 'class_name': 'RandomNormal', 'config': {'mean': 0.0, 'stddev': 0.01, 'seed': None}, 'registered_name': None}, 'bias_initializer': 'zeros', 'kernel_regularizer': None, 'bias_regularizer': None, 'kernel_constraint': None, 'bias_constraint': None}, 'registered_name': None, 'build_config': {'input_shape': [None, 576]}, 'name': 'dense_16', 'inbound_nodes': [{'args': [{'class_name': '__keras_tensor__', 'config': {'shape': [None, 576], 'dtype': 'float32', 'keras_history': ['dropout', 0, 0]}}], 'kwargs': {}}]}, {'module': 'keras.layers', 'class_name': 'Dropout', 'config': {'name': 'dropout_1', 'trainable': True, 'dtype': {'module': 'keras', 'class_name': 'DTypePolicy', 'config': {'name': 'float32'}, 'registered_name': None, 'shared_object_id': 5834852544}, 'rate': 0.2, 'seed': None, 'noise_shape': None}, 'registered_name': None, 'build_config': {'input_shape': [None, 1280]}, 'name': 'dropout_1', 'inbound_nodes': [{'args': [{'class_name': '__keras_tensor__', 'config': {'shape': [None, 1280], 'dtype': 'float32', 'keras_history': ['dense_16', 0, 0]}}], 'kwargs': {'training': False}}]}, {'module': 'keras.layers', 'class_name': 'Dense', 'config': {'name': 'dense_17', 'trainable': True, 'dtype': {'module': 'keras', 'class_name': 'DTypePolicy', 'config': {'name': 'float32'}, 'registered_name': None, 'shared_object_id': 5834852544}, 'units': 1, 'activation': 'linear', 'use_bias': True, 'kernel_initializer': {'module': 'keras.initializers', 'class_name': 'RandomNormal', 'config': {'mean': 0.0, 'stddev': 0.01, 'seed': None}, 'registered_name': None}, 'bias_initializer': 'zeros', 'kernel_regularizer': None, 'bias_regularizer': None, 'kernel_constraint': None, 'bias_constraint': None}, 'registered_name': None, 'build_config': {'input_shape': [None, 1280]}, 'name': 'dense_17', 'inbound_nodes': [{'args': [{'class_name': '__keras_tensor__', 'config': {'shape': [None, 1280], 'dtype': 'float32', 'keras_history': ['dropout_1', 0, 0]}}], 'kwargs': {}}]}, {'module': 'keras.layers', 'class_name': 'Activation', 'config': {'name': 'activation', 'trainable': True, 'dtype': {'module': 'keras', 'class_name': 'DTypePolicy', 'config': {'name': 'float32'}, 'registered_name': None, 'shared_object_id': 5834852544}, 'activation': 'sigmoid'}, 'registered_name': None, 'build_config': {'input_shape': [None, 1]}, 'name': 'activation', 'inbound_nodes': [{'args': [{'class_name': '__keras_tensor__', 'config': {'shape': [None, 1], 'dtype': 'float32', 'keras_history': ['dense_17', 0, 0]}}], 'kwargs': {}}]}], 'input_layers': [['input_layer', 0, 0]], 'output_layers': [['activation', 0, 0]]}, 'registered_name': 'Functional', 'build_config': {'input_shape': None}, 'compile_config': {'optimizer': {'module': 'keras.optimizers', 'class_name': 'Adam', 'config': {'name': 'adam', 'learning_rate': 0.0010000000474974513, 'weight_decay': None, 'clipnorm': None, 'global_clipnorm': None, 'clipvalue': None, 'use_ema': False, 'ema_momentum': 0.99, 'ema_overwrite_frequency': None, 'loss_scale_factor': None, 'gradient_accumulation_steps': None, 'beta_1': 0.9, 'beta_2': 0.999, 'epsilon': 1e-07, 'amsgrad': False}, 'registered_name': None}, 'loss': {'module': 'keras.losses', 'class_name': 'BinaryCrossentropy', 'config': {'name': 'binary_crossentropy', 'reduction': 'sum_over_batch_size', 'from_logits': False, 'label_smoothing': 0.0, 'axis': -1}, 'registered_name': None}, 'loss_weights': None, 'metrics': ['binary_accuracy'], 'weighted_metrics': None, 'run_eagerly': False, 'steps_per_execution': 1, 'jit_compile': False}}.

Exception encountered: <class 'model.Block'> could not be deserialized properly. Please ensure that components that are Python object instances (layers, models, etc.) returned by `get_config()` are explicitly deserialized in the model's `from_config()` method.

config={'module': 'model', 'class_name': 'Block', 'config': {'in_channels': 16, 'out_channels': 16, 'kernel_size': 3, 'stride': 2, 'expansion_factor': 1, 'se_ratio': 0, 'activation': 'relu', 'trainable': True, 'dtype': {'module': 'keras', 'class_name': 'DTypePolicy', 'config': {'name': 'float32'}, 'registered_name': None, 'shared_object_id': 5834852544}}, 'registered_name': 'Block', 'build_config': {'input_shape': [None, 112, 112, 16]}, 'name': 'block', 'inbound_nodes': [{'args': [{'class_name': '__keras_tensor__', 'config': {'shape': [None, 112, 112, 16], 'dtype': 'float32', 'keras_history': ['h_swish', 0, 0]}}], 'kwargs': {}}]}.

Exception encountered: Error when deserializing class 'Block' using config={'in_channels': 16, 'out_channels': 16, 'kernel_size': 3, 'stride': 2, 'expansion_factor': 1, 'se_ratio': 0, 'activation': 'relu', 'trainable': True, 'dtype': 'float32'}.

Exception encountered: Block.__init__() got an unexpected keyword argument 'trainable'
2025-01-01 23:36:56,438 - INFO - Starting model testing...
2025-01-01 23:36:56,438 - INFO - Loading test dataset...
2025-01-01 23:36:56,677 - INFO - Train dataset size: 16121
2025-01-01 23:36:56,677 - INFO - Validation dataset size: 5374
2025-01-01 23:36:56,677 - INFO - Test dataset size: 5374
2025-01-01 23:36:56,679 - INFO - Loading trained model...
2025-01-01 23:36:57,473 - INFO - Making predictions...
2025-01-01 23:37:13,354 - INFO - Generating visualizations...
2025-01-01 23:37:13,606 - INFO - ROC AUC Score: 0.7134
2025-01-01 23:37:13,606 - INFO - 
Classification Report:
2025-01-01 23:37:13,608 - INFO - 
              precision    recall  f1-score      support
Benign         0.605508  1.000000  0.754288  3254.000000
Malignant      0.000000  0.000000  0.000000  2120.000000
accuracy       0.605508  0.605508  0.605508     0.605508
macro avg      0.302754  0.500000  0.377144  5374.000000
weighted avg   0.366640  0.605508  0.456728  5374.000000
2025-01-01 23:37:13,608 - INFO - Testing completed successfully!
2025-01-01 23:41:16,653 - INFO - Starting model testing...
2025-01-01 23:41:16,654 - INFO - Loading test dataset...
2025-01-01 23:41:16,892 - INFO - Train dataset size: 16121
2025-01-01 23:41:16,892 - INFO - Validation dataset size: 5374
2025-01-01 23:41:16,892 - INFO - Test dataset size: 5374
2025-01-01 23:41:16,894 - INFO - Loading trained model...
2025-01-01 23:41:17,682 - INFO - Making predictions...
2025-01-01 23:41:40,538 - INFO - Starting model testing...
2025-01-01 23:41:40,539 - INFO - Loading test dataset...
2025-01-01 23:41:40,778 - INFO - Train dataset size: 16121
2025-01-01 23:41:40,778 - INFO - Validation dataset size: 5374
2025-01-01 23:41:40,778 - INFO - Test dataset size: 5374
2025-01-01 23:41:40,780 - INFO - Loading trained model...
2025-01-01 23:41:41,555 - INFO - Making predictions...
2025-01-01 23:41:57,303 - INFO - Generating visualizations...
2025-01-01 23:41:57,545 - INFO - ROC AUC Score: 0.7134
2025-01-01 23:41:57,545 - INFO - 
Classification Report:
2025-01-01 23:41:57,547 - INFO - 
              precision    recall  f1-score      support
Benign         0.605508  1.000000  0.754288  3254.000000
Malignant      0.000000  0.000000  0.000000  2120.000000
accuracy       0.605508  0.605508  0.605508     0.605508
macro avg      0.302754  0.500000  0.377144  5374.000000
weighted avg   0.366640  0.605508  0.456728  5374.000000
2025-01-01 23:41:57,547 - INFO - Testing completed successfully!
2025-01-02 01:34:33,433 - INFO - Starting model testing...
2025-01-02 01:34:33,433 - INFO - Loading test dataset...
2025-01-02 01:34:33,673 - INFO - Train dataset size: 16121
2025-01-02 01:34:33,673 - INFO - Validation dataset size: 5374
2025-01-02 01:34:33,673 - INFO - Test dataset size: 5374
2025-01-02 01:34:33,675 - INFO - Loading trained model...
2025-01-02 01:34:34,403 - INFO - Making predictions...
2025-01-02 01:34:49,470 - INFO - Generating visualizations...
2025-01-02 01:34:49,719 - INFO - ROC AUC Score: 0.9895
2025-01-02 01:34:49,719 - INFO - 
Classification Report:
2025-01-02 01:34:49,722 - INFO - 
              precision    recall  f1-score      support
Benign         0.959964  0.980025  0.969891  3254.000000
Malignant      0.968324  0.937264  0.952541  2120.000000
accuracy       0.963156  0.963156  0.963156     0.963156
macro avg      0.964144  0.958644  0.961216  5374.000000
weighted avg   0.963262  0.963156  0.963046  5374.000000
2025-01-02 01:34:49,722 - INFO - Testing completed successfully!
2025-01-02 22:54:54,205 - INFO - Starting model testing...
2025-01-02 22:54:54,206 - INFO - Loading test dataset...
2025-01-02 22:54:54,445 - INFO - Train dataset size: 16121
2025-01-02 22:54:54,445 - INFO - Validation dataset size: 5374
2025-01-02 22:54:54,445 - INFO - Test dataset size: 5374
2025-01-02 22:54:54,447 - INFO - Loading trained model...
2025-01-02 22:54:54,447 - ERROR - Error during testing: File format not supported: filepath=outputs/skc_model.keras . Keras 3 only supports V3 `.keras` files and legacy H5 format files (`.h5` extension). Note that the legacy SavedModel format is not supported by `load_model()` in Keras 3. In order to reload a TensorFlow SavedModel as an inference-only layer in Keras 3, use `keras.layers.TFSMLayer(outputs/skc_model.keras , call_endpoint='serving_default')` (note that your `call_endpoint` might have a different name).
Traceback (most recent call last):
  File "/Users/francesco/Repository/computer_vision_project/tensorflow/test.py", line 167, in main
    model = tf.keras.models.load_model(TestConfig.MODEL_PATH)
            ^^^^^^^^^^^^^^^^^^^^^^^^^^^^^^^^^^^^^^^^^^^^^^^^^
  File "/opt/anaconda3/envs/cvproj/lib/python3.12/site-packages/keras/src/saving/saving_api.py", line 199, in load_model
    raise ValueError(
ValueError: File format not supported: filepath=outputs/skc_model.keras . Keras 3 only supports V3 `.keras` files and legacy H5 format files (`.h5` extension). Note that the legacy SavedModel format is not supported by `load_model()` in Keras 3. In order to reload a TensorFlow SavedModel as an inference-only layer in Keras 3, use `keras.layers.TFSMLayer(outputs/skc_model.keras , call_endpoint='serving_default')` (note that your `call_endpoint` might have a different name).
2025-01-02 23:02:38,825 - INFO - Starting model testing...
2025-01-02 23:02:38,825 - INFO - Loading test dataset...
2025-01-02 23:02:39,103 - INFO - Train dataset size: 16121
2025-01-02 23:02:39,103 - INFO - Validation dataset size: 5374
2025-01-02 23:02:39,103 - INFO - Test dataset size: 5374
2025-01-02 23:02:39,105 - INFO - Loading trained model...
2025-01-02 23:02:39,105 - ERROR - Error during testing: File format not supported: filepath=outputs/skc_model.keras . Keras 3 only supports V3 `.keras` files and legacy H5 format files (`.h5` extension). Note that the legacy SavedModel format is not supported by `load_model()` in Keras 3. In order to reload a TensorFlow SavedModel as an inference-only layer in Keras 3, use `keras.layers.TFSMLayer(outputs/skc_model.keras , call_endpoint='serving_default')` (note that your `call_endpoint` might have a different name).
Traceback (most recent call last):
  File "/Users/francesco/Repository/computer_vision_project/tensorflow/test.py", line 167, in main
    model = tf.keras.models.load_model(TestConfig.MODEL_PATH)
            ^^^^^^^^^^^^^^^^^^^^^^^^^^^^^^^^^^^^^^^^^^^^^^^^^
  File "/opt/anaconda3/envs/cvproj/lib/python3.12/site-packages/keras/src/saving/saving_api.py", line 199, in load_model
    raise ValueError(
ValueError: File format not supported: filepath=outputs/skc_model.keras . Keras 3 only supports V3 `.keras` files and legacy H5 format files (`.h5` extension). Note that the legacy SavedModel format is not supported by `load_model()` in Keras 3. In order to reload a TensorFlow SavedModel as an inference-only layer in Keras 3, use `keras.layers.TFSMLayer(outputs/skc_model.keras , call_endpoint='serving_default')` (note that your `call_endpoint` might have a different name).
2025-01-02 23:03:13,240 - INFO - Starting model testing...
2025-01-02 23:03:13,240 - INFO - Loading test dataset...
2025-01-02 23:03:13,594 - INFO - Train dataset size: 16121
2025-01-02 23:03:13,594 - INFO - Validation dataset size: 5374
2025-01-02 23:03:13,594 - INFO - Test dataset size: 5374
2025-01-02 23:03:13,596 - INFO - Loading trained model...
2025-01-02 23:03:13,596 - ERROR - Error during testing: File format not supported: filepath=outputs/skc_model.h5 . Keras 3 only supports V3 `.keras` files and legacy H5 format files (`.h5` extension). Note that the legacy SavedModel format is not supported by `load_model()` in Keras 3. In order to reload a TensorFlow SavedModel as an inference-only layer in Keras 3, use `keras.layers.TFSMLayer(outputs/skc_model.h5 , call_endpoint='serving_default')` (note that your `call_endpoint` might have a different name).
Traceback (most recent call last):
  File "/Users/francesco/Repository/computer_vision_project/tensorflow/test.py", line 167, in main
    model = tf.keras.models.load_model(TestConfig.MODEL_PATH)
            ^^^^^^^^^^^^^^^^^^^^^^^^^^^^^^^^^^^^^^^^^^^^^^^^^
  File "/opt/anaconda3/envs/cvproj/lib/python3.12/site-packages/keras/src/saving/saving_api.py", line 199, in load_model
    raise ValueError(
ValueError: File format not supported: filepath=outputs/skc_model.h5 . Keras 3 only supports V3 `.keras` files and legacy H5 format files (`.h5` extension). Note that the legacy SavedModel format is not supported by `load_model()` in Keras 3. In order to reload a TensorFlow SavedModel as an inference-only layer in Keras 3, use `keras.layers.TFSMLayer(outputs/skc_model.h5 , call_endpoint='serving_default')` (note that your `call_endpoint` might have a different name).
2025-01-02 23:05:07,222 - INFO - Starting model testing...
2025-01-02 23:05:07,223 - INFO - Loading test dataset...
2025-01-02 23:05:07,463 - INFO - Train dataset size: 16121
2025-01-02 23:05:07,463 - INFO - Validation dataset size: 5374
2025-01-02 23:05:07,463 - INFO - Test dataset size: 5374
2025-01-02 23:05:07,464 - INFO - Loading trained model...
2025-01-02 23:05:07,468 - ERROR - Error during testing: Unknown layer: 'HSwish'. Please ensure you are using a `keras.utils.custom_object_scope` and that this object is included in the scope. See https://www.tensorflow.org/guide/keras/save_and_serialize#registering_the_custom_object for details.
Traceback (most recent call last):
  File "/Users/francesco/Repository/computer_vision_project/tensorflow/test.py", line 167, in main
    model = tf.keras.models.load_model(TestConfig.MODEL_PATH)
            ^^^^^^^^^^^^^^^^^^^^^^^^^^^^^^^^^^^^^^^^^^^^^^^^^
  File "/opt/anaconda3/envs/cvproj/lib/python3.12/site-packages/keras/src/saving/saving_api.py", line 189, in load_model
    return legacy_h5_format.load_model_from_hdf5(
           ^^^^^^^^^^^^^^^^^^^^^^^^^^^^^^^^^^^^^^
  File "/opt/anaconda3/envs/cvproj/lib/python3.12/site-packages/keras/src/legacy/saving/legacy_h5_format.py", line 133, in load_model_from_hdf5
    model = saving_utils.model_from_config(
            ^^^^^^^^^^^^^^^^^^^^^^^^^^^^^^^
  File "/opt/anaconda3/envs/cvproj/lib/python3.12/site-packages/keras/src/legacy/saving/saving_utils.py", line 85, in model_from_config
    return serialization.deserialize_keras_object(
           ^^^^^^^^^^^^^^^^^^^^^^^^^^^^^^^^^^^^^^^
  File "/opt/anaconda3/envs/cvproj/lib/python3.12/site-packages/keras/src/legacy/saving/serialization.py", line 495, in deserialize_keras_object
    deserialized_obj = cls.from_config(
                       ^^^^^^^^^^^^^^^^
  File "/opt/anaconda3/envs/cvproj/lib/python3.12/site-packages/keras/src/models/model.py", line 521, in from_config
    return functional_from_config(
           ^^^^^^^^^^^^^^^^^^^^^^^
  File "/opt/anaconda3/envs/cvproj/lib/python3.12/site-packages/keras/src/models/functional.py", line 477, in functional_from_config
    process_layer(layer_data)
  File "/opt/anaconda3/envs/cvproj/lib/python3.12/site-packages/keras/src/models/functional.py", line 457, in process_layer
    layer = saving_utils.model_from_config(
            ^^^^^^^^^^^^^^^^^^^^^^^^^^^^^^^
  File "/opt/anaconda3/envs/cvproj/lib/python3.12/site-packages/keras/src/legacy/saving/saving_utils.py", line 85, in model_from_config
    return serialization.deserialize_keras_object(
           ^^^^^^^^^^^^^^^^^^^^^^^^^^^^^^^^^^^^^^^
  File "/opt/anaconda3/envs/cvproj/lib/python3.12/site-packages/keras/src/legacy/saving/serialization.py", line 473, in deserialize_keras_object
    (cls, cls_config) = class_and_config_for_serialized_keras_object(
                        ^^^^^^^^^^^^^^^^^^^^^^^^^^^^^^^^^^^^^^^^^^^^^
  File "/opt/anaconda3/envs/cvproj/lib/python3.12/site-packages/keras/src/legacy/saving/serialization.py", line 354, in class_and_config_for_serialized_keras_object
    raise ValueError(
ValueError: Unknown layer: 'HSwish'. Please ensure you are using a `keras.utils.custom_object_scope` and that this object is included in the scope. See https://www.tensorflow.org/guide/keras/save_and_serialize#registering_the_custom_object for details.
2025-01-02 23:07:15,088 - INFO - Starting model testing...
2025-01-02 23:07:15,088 - INFO - Loading test dataset...
2025-01-02 23:07:15,330 - INFO - Train dataset size: 16121
2025-01-02 23:07:15,330 - INFO - Validation dataset size: 5374
2025-01-02 23:07:15,330 - INFO - Test dataset size: 5374
2025-01-02 23:07:15,332 - INFO - Loading trained model...
2025-01-02 23:07:15,755 - WARNING - Compiled the loaded model, but the compiled metrics have yet to be built. `model.compile_metrics` will be empty until you train or evaluate the model.
2025-01-02 23:07:15,778 - INFO - Successfully loaded model from outputs/skc_model.h5
2025-01-02 23:07:15,778 - INFO - Making predictions...
2025-01-02 23:07:31,809 - INFO - Generating visualizations...
2025-01-02 23:07:32,091 - INFO - ROC AUC Score: 0.5096
2025-01-02 23:07:32,091 - INFO - 
Classification Report:
2025-01-02 23:07:32,095 - INFO - 
              precision    recall  f1-score      support
Benign         0.605508  1.000000  0.754288  3254.000000
Malignant      0.000000  0.000000  0.000000  2120.000000
accuracy       0.605508  0.605508  0.605508     0.605508
macro avg      0.302754  0.500000  0.377144  5374.000000
weighted avg   0.366640  0.605508  0.456728  5374.000000
2025-01-02 23:07:32,096 - INFO - Testing completed successfully!
